[2023/02/09 12:03:01] INFO - Creazione Fattura: 60810
[2023/02/09 12:03:05] INFO - Fattura creata: #671/R/2023
[2023/02/09 12:03:05] FATTUREINCLOUD_INVOICES_SEND_TO_SDI ha il valore 1
[2023/02/09 12:03:05] ERROR - Verifica XML fallita: {"error":{"message":"Il documento non \u00e8 una fattura elettronica.","validation_result":null}}
[2023/02/09 01:04:58] INFO - Creazione Fattura: 60812
[2023/02/09 01:05:00] INFO - Fattura creata: #681/F/2023
[2023/02/09 01:05:00] FATTUREINCLOUD_INVOICES_SEND_TO_SDI ha il valore 1
[2023/02/09 01:05:01] ERROR - Verifica XML fallita: {"error":{"message":"Validation step 1","validation_result":{"xml_errors":["Stai provando a inviare una fattura con data odierna, tuttavia il Sistema di Interscambio considera le prime ore della notte del giorno corrente appartenenti al giorno precedente, pertanto scarterebbe il documento per \"data successiva alla data corrente\". Ti preghiamo di tentare l'invio domani mattina o dopo le 2 di notte o di cambiare la data del documento."]}}}
[2023/02/09 10:35:59] INFO - Creazione Fattura: 60814
[2023/02/09 10:36:02] INFO - Fattura creata: #682/F/2023
[2023/02/09 10:36:02] FATTUREINCLOUD_INVOICES_SEND_TO_SDI ha il valore 1
[2023/02/09 10:36:03] FATTUREINCLOUD_INVOICES_SEND_TO_SDI superata la verifica della richiesta
[2023/02/09 10:36:03] FATTUREINCLOUD_INVOICES_SEND_TO_SDI valore di send_einvoice_request: 
[2023/02/09 11:02:16] INFO - Creazione Fattura: 60815
[2023/02/09 11:02:19] INFO - Fattura creata: #672/R/2023
[2023/02/09 11:02:19] FATTUREINCLOUD_INVOICES_SEND_TO_SDI ha il valore 1
[2023/02/09 11:02:20] ERROR - Verifica XML fallita: {"error":{"message":"Il documento non \u00e8 una fattura elettronica.","validation_result":null}}
[2023/02/09 11:07:10] INFO - Creazione Fattura: 60816
[2023/02/09 11:07:12] INFO - Fattura creata: #673/R/2023
[2023/02/09 11:07:12] FATTUREINCLOUD_INVOICES_SEND_TO_SDI ha il valore 1
[2023/02/09 11:07:13] ERROR - Verifica XML fallita: {"error":{"message":"Il documento non \u00e8 una fattura elettronica.","validation_result":null}}
[2023/02/09 11:10:39] INFO - Creazione Fattura: 60795
[2023/02/09 11:10:42] INFO - Fattura creata: #683/F/2023
[2023/02/09 11:10:42] FATTUREINCLOUD_INVOICES_SEND_TO_SDI ha il valore 1
[2023/02/09 11:10:43] FATTUREINCLOUD_INVOICES_SEND_TO_SDI superata la verifica della richiesta
[2023/02/09 11:10:43] FATTUREINCLOUD_INVOICES_SEND_TO_SDI valore di send_einvoice_request: 261181076
[2023/02/09 12:22:23] INFO - Creazione Fattura: 60818
[2023/02/09 12:22:26] INFO - Fattura creata: #685/F/2023
[2023/02/09 12:22:26] FATTUREINCLOUD_INVOICES_SEND_TO_SDI ha il valore 1
[2023/02/09 12:22:27] FATTUREINCLOUD_INVOICES_SEND_TO_SDI superata la verifica della richiesta
[2023/02/09 12:22:27] FATTUREINCLOUD_INVOICES_SEND_TO_SDI valore di send_einvoice_request: 261212930
[2023/02/09 12:28:00] INFO - Creazione Fattura: 60802
[2023/02/09 12:28:24] INFO - Fattura creata: #686/F/2023
[2023/02/09 12:28:24] FATTUREINCLOUD_INVOICES_SEND_TO_SDI ha il valore 1
[2023/02/09 12:28:35] FATTUREINCLOUD_INVOICES_SEND_TO_SDI superata la verifica della richiesta
[2023/02/09 12:28:35] FATTUREINCLOUD_INVOICES_SEND_TO_SDI valore di send_einvoice_request: 261215149
[2023/02/09 12:36:36] INFO - Creazione Fattura: 60820
[2023/02/09 12:36:40] INFO - Fattura creata: #674/R/2023
[2023/02/09 12:36:40] FATTUREINCLOUD_INVOICES_SEND_TO_SDI ha il valore 1
[2023/02/09 12:36:41] ERROR - Verifica XML fallita: {"error":{"message":"Il documento non \u00e8 una fattura elettronica.","validation_result":null}}
[2023/02/09 12:38:43] INFO - Creazione Fattura: 60817
[2023/02/09 12:38:46] INFO - Fattura creata: #687/F/2023
[2023/02/09 12:38:46] FATTUREINCLOUD_INVOICES_SEND_TO_SDI ha il valore 1
[2023/02/09 12:38:46] ERROR - Verifica XML fallita: {"error":{"message":"Validation step 1","validation_result":{"xml_errors":["L'indirizzo PEC deve avere un formato valido."]}}}
[2023/02/09 12:44:09] INFO - Creazione Fattura: 60813
[2023/02/09 12:44:12] INFO - Fattura creata: #675/R/2023
[2023/02/09 12:44:12] FATTUREINCLOUD_INVOICES_SEND_TO_SDI ha il valore 1
[2023/02/09 12:44:12] ERROR - Verifica XML fallita: {"error":{"message":"Il documento non \u00e8 una fattura elettronica.","validation_result":null}}
[2023/02/09 01:20:47] INFO - Creazione Fattura: 60774
[2023/02/09 01:20:49] INFO - Fattura creata: #688/F/2023
[2023/02/09 01:20:49] FATTUREINCLOUD_INVOICES_SEND_TO_SDI ha il valore 1
[2023/02/09 01:20:49] FATTUREINCLOUD_INVOICES_SEND_TO_SDI superata la verifica della richiesta
[2023/02/09 01:20:49] FATTUREINCLOUD_INVOICES_SEND_TO_SDI valore di send_einvoice_request: 261229746
[2023/02/09 01:21:41] INFO - Creazione Fattura: 60811
[2023/02/09 01:21:44] INFO - Fattura creata: #676/R/2023
[2023/02/09 01:21:44] FATTUREINCLOUD_INVOICES_SEND_TO_SDI ha il valore 1
[2023/02/09 01:21:44] ERROR - Verifica XML fallita: {"error":{"message":"Il documento non \u00e8 una fattura elettronica.","validation_result":null}}
[2023/02/09 01:24:13] [v2.1.2] INFO - Creazione Fattura: 60772
[2023/02/09 01:24:15] [v2.1.2] ERROR - Fattura non creata: {"error":{"message":"Il campo gross_price \u00e8 richiesto poich\u00e9 use_gross_prices vale true.","validation_result":null}} - {"device_code":false,"access_token":"a\/eyJ0eXAiOiJKV1QiLCJhbGciOiJIUzI1NiJ9.eyJyZWYiOiJaemsyVFZBUjBTYVVrYXI3TzJTZGJjTlhYaVZHd2dPTiJ9.AAdt_c9vOPYA4mupaxSOJKwTLtO-1xg7yalzQB7FE-I","refresh_token":"a\/eyJ0eXAiOiJKV1QiLCJhbGciOiJIUzI1NiJ9.eyJyZWYiOiJaemsyVFZBUjBTYVVrYXI3TzJTZGJjTlhYaVZHd2dPTiJ9.AAdt_c9vOPYA4mupaxSOJKwTLtO-1xg7yalzQB7FE-I","company_id":"806748"} - {"data":{"type":"receipt","currency":{"id":"EUR","exchange_rate":"1.00000"},"entity":{"name":"Marilena Ghita","address_street":"Via Crocefisso 2","address_postal_code":"06038","address_city":"Spello","address_province":"PG","country_iso":"IT","shipping_address":"","tax_code":"ghtmln87a49z129j","code":"PS-63533 - 59907","mail":"ghitamarilena@libero.it","phone":"3206264907","certified_email":"","ei_code":""},"items_list":[{"code":"","name":"Targhetta citofono e posta: su misura","qty":"1","gross_price":"3.111000","vat":{"id":0}},{"name":"Coupon utilizzati","description":"Coupon cliente - Tagliando cartoncino - 2022 - Maggio 2023\n\nIl valore dei coupon utilizzati \u00e8 riportato tra i totali alla voce sconto.","qty":1,"net_price":0,"vat":{"id":6}},{"name":"Spedizione: GLS\/TNT STANDARD","gross_price":"8.54","vat":{"id":0}}],"visible_subject":"Ordine #IZQKQFAMU","subject":"Ordine #IZQKQFAMU","payments_list":[{"due_date":"2023-02-08","paid_date":"2023-02-09","status":"paid","payment_account":{"id":754084}}],"payment_method":{"name":"Bank wire"},"show_payment":false,"show_payment_method":true,"rc_center":"inventivashop","use_gross_prices":true,"amount_due_discount":-0.09},"options":{"fix_payments":true}}
[2023/02/09 01:28:26] [v2.1.2] INFO - Creazione Fattura: 60730
[2023/02/09 01:28:29] [v2.1.2] INFO - Fattura creata: #1/2023
[2023/02/09 01:28:29] [v2.1.2] FATTUREINCLOUD_INVOICES_SEND_TO_SDI ha il valore 1
[2023/02/09 01:28:29] [v2.1.2] ERROR - Verifica XML fallita: {"error":{"message":"Il documento non \u00e8 una fattura elettronica.","validation_result":null}}
[2023/02/09 02:40:00] [v2.1.2] INFO - Creazione Fattura: 60823
[2023/02/09 02:40:01] [v2.1.2] ERROR - Ricerca cliente per codice fallita: {"error":{"message":"No permission.","code":"NO_PERMISSION"}}
[2023/02/09 02:40:03] [v2.1.2] ERROR - Ricerca cliente fallita: {"error":{"message":"No permission.","code":"NO_PERMISSION"}}
[2023/02/09 02:40:03] [v2.1.2] ERROR - Cliente non creato: {"error":{"message":"No permission.","code":"NO_PERMISSION"}}
[2023/02/09 02:40:05] [v2.1.2] INFO - Fattura creata: #689/F/2023
[2023/02/09 02:40:05] [v2.1.2] FATTUREINCLOUD_INVOICES_SEND_TO_SDI ha il valore 1
[2023/02/09 02:40:05] [v2.1.2] FATTUREINCLOUD_INVOICES_SEND_TO_SDI superata la verifica della richiesta
[2023/02/09 02:40:06] [v2.1.2] FATTUREINCLOUD_INVOICES_SEND_TO_SDI valore di send_einvoice_request: 261246701
[2023/02/09 02:44:03] [v2.1.2] INFO - Creazione Fattura: 60824
[2023/02/09 02:44:04] [v2.1.2] ERROR - Ricerca cliente per codice fallita: {"error":{"message":"No permission.","code":"NO_PERMISSION"}}
[2023/02/09 02:44:04] [v2.1.2] ERROR - Ricerca cliente fallita: {"error":{"message":"No permission.","code":"NO_PERMISSION"}}
[2023/02/09 02:44:05] [v2.1.2] ERROR - Cliente non creato: {"error":{"message":"No permission.","code":"NO_PERMISSION"}}
[2023/02/09 02:44:06] [v2.1.2] INFO - Fattura creata: #690/F/2023
[2023/02/09 02:44:06] [v2.1.2] FATTUREINCLOUD_INVOICES_SEND_TO_SDI ha il valore 1
[2023/02/09 02:44:07] [v2.1.2] FATTUREINCLOUD_INVOICES_SEND_TO_SDI superata la verifica della richiesta
[2023/02/09 02:44:07] [v2.1.2] FATTUREINCLOUD_INVOICES_SEND_TO_SDI valore di send_einvoice_request: 261247913
[2023/02/09 03:02:26] [v2.1.2] INFO - Creazione Fattura: 60825
[2023/02/09 03:02:27] [v2.1.2] ERROR - Ricerca cliente per codice fallita: {"error":{"message":"No permission.","code":"NO_PERMISSION"}}
[2023/02/09 03:02:27] [v2.1.2] ERROR - Ricerca cliente fallita: {"error":{"message":"No permission.","code":"NO_PERMISSION"}}
[2023/02/09 03:02:27] [v2.1.2] ERROR - Cliente non creato: {"error":{"message":"No permission.","code":"NO_PERMISSION"}}
[2023/02/09 03:02:30] [v2.1.2] INFO - Fattura creata: #691/F/2023
[2023/02/09 03:02:30] [v2.1.2] FATTUREINCLOUD_INVOICES_SEND_TO_SDI ha il valore 1
[2023/02/09 03:02:30] [v2.1.2] FATTUREINCLOUD_INVOICES_SEND_TO_SDI superata la verifica della richiesta
[2023/02/09 03:02:31] [v2.1.2] FATTUREINCLOUD_INVOICES_SEND_TO_SDI valore di send_einvoice_request: 261254690
[2023/02/09 03:18:01] [v2.1.2] INFO - Creazione Fattura: 60826
[2023/02/09 03:18:03] [v2.1.2] ERROR - Ricerca cliente per codice fallita: {"error":{"message":"No permission.","code":"NO_PERMISSION"}}
[2023/02/09 03:18:03] [v2.1.2] ERROR - Ricerca cliente fallita: {"error":{"message":"No permission.","code":"NO_PERMISSION"}}
[2023/02/09 03:18:04] [v2.1.2] ERROR - Cliente non creato: {"error":{"message":"No permission.","code":"NO_PERMISSION"}}
[2023/02/09 03:18:06] [v2.1.2] INFO - Fattura creata: #677/R/2023
[2023/02/09 03:18:06] [v2.1.2] FATTUREINCLOUD_INVOICES_SEND_TO_SDI ha il valore 1
[2023/02/09 03:18:06] [v2.1.2] ERROR - Verifica XML fallita: {"error":{"message":"Il documento non \u00e8 una fattura elettronica.","validation_result":null}}
[2023/02/09 03:47:28] [v2.1.2] INFO - Creazione Fattura: 60730
[2023/02/09 03:47:28] [v2.1.2] INFO - Creazione fattura interrotta: Già esiste una fattura per questo ordine: {"data":{"id":261231093,"type":"receipt","year":2023,"numeration":"","subject":"Ordine #YBNWMXHIP","visible_subject":"Ordine #YBNWMXHIP","rc_center":"inventivashop","amount_rivalsa":0,"amount_rivalsa_taxable":46.45,"amount_global_cassa_taxable":46.45,"amount_cassa":0,"amount_cassa_taxable":46.45,"amount_cassa2":0,"amount_cassa2_taxable":46.45,"amount_withholding_tax":0,"amount_withholding_tax_taxable":46.45,"amount_other_withholding_tax":0,"amount_enasarco_taxable":0,"amount_other_withholding_tax_taxable":46.45,"ei_cassa_type":null,"ei_cassa2_type":null,"ei_withholding_tax_causal":null,"ei_other_withholding_tax_type":null,"ei_other_withholding_tax_causal":null,"stamp_duty":0,"use_gross_prices":true,"e_invoice":false,"delivery_note":false,"accompanying_invoice":false,"amount_net":46.45,"amount_vat":10.22,"amount_gross":56.67,"amount_due_discount":0,"h_margins":15,"v_margins":16,"show_payment_method":true,"show_payments":true,"show_totals":"all","show_paypal_button":false,"show_notification_button":false,"is_marked":false,"created_at":"2023-02-09 13:28:28","updated_at":"2023-02-09 13:28:28","entity":{"name":"Marta Capparotto","vat_number":"","tax_code":"CVLDVD72C10G224Q","address_street":"via Campodoro 23","address_postal_code":"35010","address_city":"Villafranca Padovana","address_province":"PD","address_extra":"","country":"Italia","certified_email":"","ei_code":"","entity_type":"client","type":null,"default_payment_terms":0,"default_payment_terms_type":"standard","shipping_address":"","default_vat":null,"default_payment_method":null,"bank_name":"","bank_iban":"","default_discount":0,"discount_highlight":false,"has_intent_declaration":false,"intent_declaration_protocol_number":null,"intent_declaration_protocol_date":null,"original_name":null},"date":"2023-02-09","number":1,"currency":{"id":"EUR","exchange_rate":"1.00000","symbol":"\u20ac"},"language":{"code":"it","name":"Italiano"},"notes":"","payment_method":{"id":null,"name":"Bank wire","details":[{"title":"","description":""},{"title":"","description":""},{"title":"","description":""},{"title":"","description":""},{"title":"","description":""}]},"use_split_payment":false,"merged_in":null,"original_document":null,"items_list":[{"product_id":null,"code":"","name":"Targa Plexiglass Orizzontale","measure":"","category":"","id":809771117,"apply_withholding_taxes":false,"discount":0,"discount_highlight":false,"in_dn":false,"qty":1,"net_price":39.45082,"vat":{"id":0,"value":22,"description":""},"stock":true,"description":"","gross_price":48.13,"not_taxable":false},{"product_id":null,"code":"","name":"Spedizione: GLS\/TNT STANDARD","measure":"","category":"","id":809771118,"apply_withholding_taxes":false,"discount":0,"discount_highlight":false,"in_dn":false,"qty":1,"net_price":7,"vat":{"id":0,"value":22,"description":""},"stock":true,"description":"","gross_price":8.54,"not_taxable":false}],"payments_list":[{"amount":56.67,"due_date":"2023-02-07","paid_date":"2023-02-09","id":212723313,"forfettari_revenue":56.67,"payment_terms":{"days":0,"type":"standard"},"status":"paid","payment_account":{"id":754084,"name":"Bank wire","virtual":false}}],"extra_data":null,"rivalsa":0,"rivalsa_taxable":100,"cassa":0,"cassa2":0,"global_cassa_taxable":100,"cassa_taxable":100,"cassa2_taxable":100,"withholding_tax":0,"withholding_tax_taxable":100,"other_withholding_tax":0,"other_withholding_tax_taxable":100,"seen_date":null,"next_due_date":null,"template":{"id":61357,"name":"Light Smoke Personalizzato "},"show_tspay_button":false,"url":"https:\/\/compute.fattureincloud.it\/doc\/1e2jthbz42zvfvtj7p1souto8mqctyyk.pdf","locked":false,"has_ts_pay_pending_payment":false,"is_first_e_invoice":false}}
[2023/02/09 03:49:06] [v2.1.2] INFO - Creazione Fattura: 60827
[2023/02/09 03:49:07] [v2.1.2] ERROR - Ricerca cliente per codice fallita: {"error":{"message":"No permission.","code":"NO_PERMISSION"}}
[2023/02/09 03:49:08] [v2.1.2] ERROR - Ricerca cliente fallita: {"error":{"message":"No permission.","code":"NO_PERMISSION"}}
[2023/02/09 03:49:08] [v2.1.2] ERROR - Cliente non creato: {"error":{"message":"No permission.","code":"NO_PERMISSION"}}
[2023/02/09 03:49:10] [v2.1.2] INFO - Fattura creata: #678/R/2023
[2023/02/09 03:49:10] [v2.1.2] FATTUREINCLOUD_INVOICES_SEND_TO_SDI ha il valore 1
[2023/02/09 03:49:10] [v2.1.2] ERROR - Verifica XML fallita: {"error":{"message":"Il documento non \u00e8 una fattura elettronica.","validation_result":null}}
[2023/02/09 03:50:37] [v2.1.2] INFO - Creazione Fattura: 60730
[2023/02/09 03:50:38] [v2.1.2] ERROR - Ricerca cliente per codice fallita: {"error":{"message":"No permission.","code":"NO_PERMISSION"}}
[2023/02/09 03:50:38] [v2.1.2] ERROR - Ricerca cliente fallita: {"error":{"message":"No permission.","code":"NO_PERMISSION"}}
[2023/02/09 03:50:39] [v2.1.2] ERROR - Cliente non creato: {"error":{"message":"No permission.","code":"NO_PERMISSION"}}
[2023/02/09 03:50:41] [v2.1.2] INFO - Fattura creata: #679/R/2023
[2023/02/09 03:50:41] [v2.1.2] FATTUREINCLOUD_INVOICES_SEND_TO_SDI ha il valore 1
[2023/02/09 03:50:41] [v2.1.2] ERROR - Verifica XML fallita: {"error":{"message":"Il documento non \u00e8 una fattura elettronica.","validation_result":null}}
[2023/02/09 03:50:42] [v2.1.2] INFO - Creazione Fattura: 60828
[2023/02/09 03:50:43] [v2.1.2] ERROR - Ricerca cliente per codice fallita: {"error":{"message":"No permission.","code":"NO_PERMISSION"}}
[2023/02/09 03:50:43] [v2.1.2] ERROR - Ricerca cliente fallita: {"error":{"message":"No permission.","code":"NO_PERMISSION"}}
[2023/02/09 03:50:44] [v2.1.2] ERROR - Cliente non creato: {"error":{"message":"No permission.","code":"NO_PERMISSION"}}
[2023/02/09 03:50:45] [v2.1.2] INFO - Fattura creata: #680/R/2023
[2023/02/09 03:50:45] [v2.1.2] FATTUREINCLOUD_INVOICES_SEND_TO_SDI ha il valore 1
[2023/02/09 03:50:45] [v2.1.2] ERROR - Verifica XML fallita: {"error":{"message":"Il documento non \u00e8 una fattura elettronica.","validation_result":null}}
[2023/02/09 03:54:50] [v2.1.2] INFO - Creazione Fattura: 60778
[2023/02/09 03:54:52] [v2.1.2] ERROR - Ricerca cliente per codice fallita: {"error":{"message":"No permission.","code":"NO_PERMISSION"}}
[2023/02/09 03:54:52] [v2.1.2] ERROR - Ricerca cliente fallita: {"error":{"message":"No permission.","code":"NO_PERMISSION"}}
[2023/02/09 03:54:53] [v2.1.2] ERROR - Cliente non creato: {"error":{"message":"No permission.","code":"NO_PERMISSION"}}
[2023/02/09 03:54:55] [v2.1.2] INFO - Fattura creata: #692/F/2023
[2023/02/09 03:54:55] [v2.1.2] FATTUREINCLOUD_INVOICES_SEND_TO_SDI ha il valore 1
[2023/02/09 03:54:56] [v2.1.2] FATTUREINCLOUD_INVOICES_SEND_TO_SDI superata la verifica della richiesta
[2023/02/09 03:54:56] [v2.1.2] FATTUREINCLOUD_INVOICES_SEND_TO_SDI valore di send_einvoice_request: 261276169
[2023/02/09 04:07:55] [v2.1.2] INFO - Creazione Fattura: 60829
[2023/02/09 04:07:56] [v2.1.2] ERROR - Ricerca cliente per codice fallita: {"error":{"message":"No permission.","code":"NO_PERMISSION"}}
[2023/02/09 04:07:56] [v2.1.2] ERROR - Ricerca cliente fallita: {"error":{"message":"No permission.","code":"NO_PERMISSION"}}
[2023/02/09 04:07:57] [v2.1.2] ERROR - Cliente non creato: {"error":{"message":"No permission.","code":"NO_PERMISSION"}}
[2023/02/09 04:07:59] [v2.1.2] INFO - Fattura creata: #693/F/2023
[2023/02/09 04:07:59] [v2.1.2] FATTUREINCLOUD_INVOICES_SEND_TO_SDI ha il valore 1
[2023/02/09 04:08:00] [v2.1.2] FATTUREINCLOUD_INVOICES_SEND_TO_SDI superata la verifica della richiesta
[2023/02/09 04:08:00] [v2.1.2] FATTUREINCLOUD_INVOICES_SEND_TO_SDI valore di send_einvoice_request: 261281170
[2023/02/09 04:18:01] [v2.1.2] INFO - Creazione Fattura: 60830
[2023/02/09 04:18:03] [v2.1.2] ERROR - Ricerca cliente per codice fallita: {"error":{"message":"No permission.","code":"NO_PERMISSION"}}
[2023/02/09 04:18:03] [v2.1.2] ERROR - Ricerca cliente fallita: {"error":{"message":"No permission.","code":"NO_PERMISSION"}}
[2023/02/09 04:18:03] [v2.1.2] ERROR - Cliente non creato: {"error":{"message":"No permission.","code":"NO_PERMISSION"}}
[2023/02/09 04:18:05] [v2.1.2] INFO - Fattura creata: #694/F/2023
[2023/02/09 04:18:05] [v2.1.2] FATTUREINCLOUD_INVOICES_SEND_TO_SDI ha il valore 1
[2023/02/09 04:18:06] [v2.1.2] FATTUREINCLOUD_INVOICES_SEND_TO_SDI superata la verifica della richiesta
[2023/02/09 04:18:06] [v2.1.2] FATTUREINCLOUD_INVOICES_SEND_TO_SDI valore di send_einvoice_request: 261285009
[2023/02/09 04:33:12] [v2.1.2] INFO - Creazione Fattura: 60831
[2023/02/09 04:33:13] [v2.1.2] ERROR - Ricerca cliente per codice fallita: {"error":{"message":"No permission.","code":"NO_PERMISSION"}}
[2023/02/09 04:33:14] [v2.1.2] ERROR - Ricerca cliente fallita: {"error":{"message":"No permission.","code":"NO_PERMISSION"}}
[2023/02/09 04:33:14] [v2.1.2] ERROR - Cliente non creato: {"error":{"message":"No permission.","code":"NO_PERMISSION"}}
[2023/02/09 04:33:16] [v2.1.2] INFO - Fattura creata: #681/R/2023
[2023/02/09 04:33:16] [v2.1.2] FATTUREINCLOUD_INVOICES_SEND_TO_SDI ha il valore 1
[2023/02/09 04:33:16] [v2.1.2] ERROR - Verifica XML fallita: {"error":{"message":"Il documento non \u00e8 una fattura elettronica.","validation_result":null}}
[2023/02/09 05:05:23] [v2.1.2] INFO - Creazione Fattura: 60833
[2023/02/09 05:05:24] [v2.1.2] ERROR - Ricerca cliente per codice fallita: {"error":{"message":"No permission.","code":"NO_PERMISSION"}}
[2023/02/09 05:05:25] [v2.1.2] ERROR - Ricerca cliente fallita: {"error":{"message":"No permission.","code":"NO_PERMISSION"}}
[2023/02/09 05:05:25] [v2.1.2] ERROR - Cliente non creato: {"error":{"message":"No permission.","code":"NO_PERMISSION"}}
[2023/02/09 05:05:27] [v2.1.2] INFO - Fattura creata: #682/R/2023
[2023/02/09 05:05:27] [v2.1.2] FATTUREINCLOUD_INVOICES_SEND_TO_SDI ha il valore 1
[2023/02/09 05:05:28] [v2.1.2] ERROR - Verifica XML fallita: {"error":{"message":"Il documento non \u00e8 una fattura elettronica.","validation_result":null}}
[2023/02/09 05:16:02] [v2.1.2] INFO - Creazione Fattura: 60780
[2023/02/09 05:16:04] [v2.1.2] ERROR - Ricerca cliente per codice fallita: {"error":{"message":"No permission.","code":"NO_PERMISSION"}}
[2023/02/09 05:16:04] [v2.1.2] ERROR - Ricerca cliente fallita: {"error":{"message":"No permission.","code":"NO_PERMISSION"}}
[2023/02/09 05:16:05] [v2.1.2] ERROR - Cliente non creato: {"error":{"message":"No permission.","code":"NO_PERMISSION"}}
[2023/02/09 05:16:06] [v2.1.2] ERROR - Fattura non creata: {"error":{"message":"Il campo gross_price \u00e8 richiesto poich\u00e9 use_gross_prices vale true.","validation_result":null}} - {"device_code":false,"access_token":"a\/eyJ0eXAiOiJKV1QiLCJhbGciOiJIUzI1NiJ9.eyJyZWYiOiJaemsyVFZBUjBTYVVrYXI3TzJTZGJjTlhYaVZHd2dPTiJ9.AAdt_c9vOPYA4mupaxSOJKwTLtO-1xg7yalzQB7FE-I","refresh_token":"a\/eyJ0eXAiOiJKV1QiLCJhbGciOiJIUzI1NiJ9.eyJyZWYiOiJaemsyVFZBUjBTYVVrYXI3TzJTZGJjTlhYaVZHd2dPTiJ9.AAdt_c9vOPYA4mupaxSOJKwTLtO-1xg7yalzQB7FE-I","company_id":"806748"} - {"data":{"type":"invoice","currency":{"id":"EUR","exchange_rate":"1.00000"},"entity":{"name":"ecocentro trieste snc","address_street":"via stazione di prosecco, snc","address_postal_code":"34010","address_city":"sgonico","address_province":"TS","country_iso":"IT","shipping_address":"","tax_code":"01172000323","vat_number":"01172000323","code":"PS-69660 - 65950","mail":"info@ecocentrotrieste.it","phone":"0409777781","certified_email":"ecocentrotriestesnc@pec.it","ei_code":"m5uxcr1"},"items_list":[{"code":"","name":"Cartello alluminio - rettangolare 3\/1","qty":"1","gross_price":31.66144,"discount":"20.00","vat":{"id":0}},{"code":"","name":"Cartello alluminio - rettangolare 3\/1","qty":"1","gross_price":31.66144,"discount":"20.00","vat":{"id":0}},{"code":"","name":"Cartello alluminio - rettangolare 3\/1","qty":"1","gross_price":31.66144,"discount":"20.00","vat":{"id":0}},{"code":"","name":"Cartello alluminio - rettangolare 3\/1","qty":"1","gross_price":31.66144,"discount":"20.00","vat":{"id":0}},{"code":"","name":"Cartello alluminio - rettangolare 3\/1","qty":"1","gross_price":31.66144,"discount":"20.00","vat":{"id":0}},{"code":"","name":"Cartello alluminio - rettangolare 3\/1","qty":"1","gross_price":31.66144,"discount":"20.00","vat":{"id":0}},{"code":"","name":"Cartello alluminio - rettangolare 3\/1","qty":"1","gross_price":31.66144,"discount":"20.00","vat":{"id":0}},{"code":"","name":"Cartello alluminio - rettangolare 3\/1","qty":"1","gross_price":31.66144,"discount":"20.00","vat":{"id":0}},{"code":"","name":"Cartello alluminio - rettangolare 3\/1","qty":"1","gross_price":31.66144,"discount":"20.00","vat":{"id":0}},{"code":"","name":"Cartello alluminio - rettangolare 3\/1","qty":"1","gross_price":31.66144,"discount":"20.00","vat":{"id":0}},{"code":"","name":"Cartello alluminio - rettangolare 3\/1","qty":"1","gross_price":31.66144,"discount":"20.00","vat":{"id":0}},{"code":"","name":"Cartello alluminio - rettangolare 3\/1","qty":"1","gross_price":31.66144,"discount":"20.00","vat":{"id":0}},{"code":"","name":"Cartello alluminio - rettangolare 3\/1","qty":"1","gross_price":31.66144,"discount":"20.00","vat":{"id":0}},{"name":"Coupon utilizzati","description":"Oggi Promo in corso\n\nIl valore dei coupon utilizzati \u00e8 riportato tra i totali alla voce sconto.","qty":1,"net_price":0,"vat":{"id":6}},{"name":"Spedizione: GLS\/TNT STANDARD","gross_price":"8.54","vat":{"id":0}}],"visible_subject":"Ordine #QBAEUTWOZ","subject":"Ordine #QBAEUTWOZ","payments_list":[{"due_date":"2023-02-08","paid_date":"2023-02-09","status":"paid","payment_account":{"id":755833}}],"payment_method":{"name":"Nexi XPay"},"show_payment":false,"show_payment_method":true,"rc_center":"inventivashop","use_gross_prices":true,"amount_due_discount":-8.54,"numeration":"\/F","e_invoice":true,"ei_data":{"payment_method":"MP08"}},"options":{"fix_payments":true}}
[2023/02/09 05:20:11] INFO - Creazione Fattura: 60780
[2023/02/09 05:20:12] ERROR - Ricerca cliente per codice fallita: {"error":{"message":"No permission.","code":"NO_PERMISSION"}}
[2023/02/09 05:20:12] ERROR - Ricerca cliente fallita: {"error":{"message":"No permission.","code":"NO_PERMISSION"}}
[2023/02/09 05:20:12] ERROR - Cliente non creato: {"error":{"message":"No permission.","code":"NO_PERMISSION"}}
[2023/02/09 05:20:14] INFO - Fattura creata: #695/F/2023
[2023/02/09 05:21:48] INFO - Creazione Fattura: 60780
[2023/02/09 05:21:50] ERROR - Ricerca cliente per codice fallita: {"error":{"message":"No permission.","code":"NO_PERMISSION"}}
[2023/02/09 05:21:50] ERROR - Ricerca cliente fallita: {"error":{"message":"No permission.","code":"NO_PERMISSION"}}
[2023/02/09 05:21:51] ERROR - Cliente non creato: {"error":{"message":"No permission.","code":"NO_PERMISSION"}}
[2023/02/09 05:21:53] INFO - Fattura creata: #695/F/2023
[2023/02/09 05:25:08] INFO - Creazione Fattura: 60780
[2023/02/09 05:25:10] ERROR - Ricerca cliente per codice fallita: {"error":{"message":"No permission.","code":"NO_PERMISSION"}}
[2023/02/09 05:25:10] ERROR - Ricerca cliente fallita: {"error":{"message":"No permission.","code":"NO_PERMISSION"}}
[2023/02/09 05:25:10] ERROR - Cliente non creato: {"error":{"message":"No permission.","code":"NO_PERMISSION"}}
[2023/02/09 05:25:13] INFO - Fattura creata: #695/F/2023
[2023/02/09 05:26:13] INFO - Creazione Fattura: 60834
[2023/02/09 05:26:14] ERROR - Ricerca cliente per codice fallita: {"error":{"message":"No permission.","code":"NO_PERMISSION"}}
[2023/02/09 05:26:14] ERROR - Ricerca cliente fallita: {"error":{"message":"No permission.","code":"NO_PERMISSION"}}
[2023/02/09 05:26:15] ERROR - Cliente non creato: {"error":{"message":"No permission.","code":"NO_PERMISSION"}}
[2023/02/09 05:26:16] INFO - Fattura creata: #683/R/2023
[2023/02/09 05:26:17] ERROR - Verifica XML fallita: {"error":{"message":"Il documento non \u00e8 una fattura elettronica.","validation_result":null}}
[2023/02/09 05:28:04] INFO - Creazione Fattura: 60778
[2023/02/09 05:28:05] ERROR - Ricerca cliente per codice fallita: {"error":{"message":"No permission.","code":"NO_PERMISSION"}}
[2023/02/09 05:28:06] ERROR - Ricerca cliente fallita: {"error":{"message":"No permission.","code":"NO_PERMISSION"}}
[2023/02/09 05:28:06] ERROR - Cliente non creato: {"error":{"message":"No permission.","code":"NO_PERMISSION"}}
[2023/02/09 05:28:08] INFO - Fattura creata: #696/F/2023
[2023/02/09 05:40:54] INFO - Creazione Fattura: 60778
[2023/02/09 05:40:56] ERROR - Ricerca cliente per codice fallita: {"error":{"message":"No permission.","code":"NO_PERMISSION"}}
[2023/02/09 05:40:56] ERROR - Ricerca cliente fallita: {"error":{"message":"No permission.","code":"NO_PERMISSION"}}
[2023/02/09 05:40:57] ERROR - Cliente non creato: {"error":{"message":"No permission.","code":"NO_PERMISSION"}}
[2023/02/09 05:40:59] INFO - Fattura creata: #696/F/2023
[2023/02/09 06:12:35] INFO - Creazione Fattura: 60772
[2023/02/09 06:12:36] ERROR - Ricerca cliente per codice fallita: {"error":{"message":"No permission.","code":"NO_PERMISSION"}}
[2023/02/09 06:12:36] ERROR - Ricerca cliente fallita: {"error":{"message":"No permission.","code":"NO_PERMISSION"}}
[2023/02/09 06:12:37] ERROR - Cliente non creato: {"error":{"message":"No permission.","code":"NO_PERMISSION"}}
[2023/02/09 06:12:39] INFO - Fattura creata: #684/R/2023
[2023/02/09 06:12:39] ERROR - Verifica XML fallita: {"error":{"message":"Il documento non \u00e8 una fattura elettronica.","validation_result":null}}
[2023/02/09 06:28:36] INFO - Creazione Fattura: 60837
[2023/02/09 06:28:38] ERROR - Ricerca cliente per codice fallita: {"error":{"message":"No permission.","code":"NO_PERMISSION"}}
[2023/02/09 06:28:38] ERROR - Ricerca cliente fallita: {"error":{"message":"No permission.","code":"NO_PERMISSION"}}
[2023/02/09 06:28:39] ERROR - Cliente non creato: {"error":{"message":"No permission.","code":"NO_PERMISSION"}}
[2023/02/09 06:28:41] INFO - Fattura creata: #685/R/2023
[2023/02/09 06:28:41] ERROR - Verifica XML fallita: {"error":{"message":"Il documento non \u00e8 una fattura elettronica.","validation_result":null}}
[2023/02/09 06:43:58] INFO - Creazione Fattura: 60835
[2023/02/09 06:43:59] ERROR - Ricerca cliente per codice fallita: {"error":{"message":"No permission.","code":"NO_PERMISSION"}}
[2023/02/09 06:43:59] ERROR - Ricerca cliente fallita: {"error":{"message":"No permission.","code":"NO_PERMISSION"}}
[2023/02/09 06:44:00] ERROR - Cliente non creato: {"error":{"message":"No permission.","code":"NO_PERMISSION"}}
[2023/02/09 06:44:02] INFO - Fattura creata: #697/F/2023
[2023/02/09 06:48:28] INFO - Creazione Fattura: 60835
[2023/02/09 06:48:29] ERROR - Ricerca cliente per codice fallita: {"error":{"message":"No permission.","code":"NO_PERMISSION"}}
[2023/02/09 06:48:29] ERROR - Ricerca cliente fallita: {"error":{"message":"No permission.","code":"NO_PERMISSION"}}
[2023/02/09 06:48:30] ERROR - Cliente non creato: {"error":{"message":"No permission.","code":"NO_PERMISSION"}}
[2023/02/09 06:48:32] INFO - Fattura creata: #697/F/2023
[2023/02/09 06:49:04] INFO - Creazione Fattura: 60836
[2023/02/09 06:49:05] ERROR - Ricerca cliente per codice fallita: {"error":{"message":"No permission.","code":"NO_PERMISSION"}}
[2023/02/09 06:49:05] ERROR - Ricerca cliente fallita: {"error":{"message":"No permission.","code":"NO_PERMISSION"}}
[2023/02/09 06:49:06] ERROR - Cliente non creato: {"error":{"message":"No permission.","code":"NO_PERMISSION"}}
[2023/02/09 06:49:08] INFO - Fattura creata: #698/F/2023
[2023/02/09 06:49:08] ERROR - Verifica XML fallita: {"error":{"message":"Validation step 1","validation_result":{"xml_errors":["La Partita IVA del cliente non \u00e8 valida."]}}}
[2023/02/09 07:03:10] INFO - Creazione Fattura: 60839
[2023/02/09 07:03:11] ERROR - Ricerca cliente per codice fallita: {"error":{"message":"No permission.","code":"NO_PERMISSION"}}
[2023/02/09 07:03:12] ERROR - Ricerca cliente fallita: {"error":{"message":"No permission.","code":"NO_PERMISSION"}}
[2023/02/09 07:03:12] ERROR - Cliente non creato: {"error":{"message":"No permission.","code":"NO_PERMISSION"}}
[2023/02/09 07:03:14] INFO - Fattura creata: #699/F/2023
[2023/02/09 07:54:53] INFO - Creazione Fattura: 60840
[2023/02/09 07:54:54] ERROR - Ricerca cliente per codice fallita: {"error":{"message":"No permission.","code":"NO_PERMISSION"}}
[2023/02/09 07:54:55] ERROR - Ricerca cliente fallita: {"error":{"message":"No permission.","code":"NO_PERMISSION"}}
[2023/02/09 07:54:55] ERROR - Cliente non creato: {"error":{"message":"No permission.","code":"NO_PERMISSION"}}
[2023/02/09 07:54:57] INFO - Fattura creata: #700/F/2023
