[2023/02/15 03:52:30] INFO - Creazione Fattura: 61018
[2023/02/15 03:52:31] ERROR - Ricerca cliente per codice fallita: {"error":{"message":"No permission.","code":"NO_PERMISSION"}}
[2023/02/15 03:52:32] ERROR - Ricerca cliente fallita: {"error":{"message":"No permission.","code":"NO_PERMISSION"}}
[2023/02/15 03:52:32] ERROR - Cliente non creato: {"error":{"message":"No permission.","code":"NO_PERMISSION"}}
[2023/02/15 03:52:34] INFO - Fattura creata: #788/F/2023
[2023/02/15 09:08:38] INFO - Creazione Fattura: 61019
[2023/02/15 09:08:40] ERROR - Ricerca cliente per codice fallita: {"error":{"message":"No permission.","code":"NO_PERMISSION"}}
[2023/02/15 09:08:40] ERROR - Ricerca cliente fallita: {"error":{"message":"No permission.","code":"NO_PERMISSION"}}
[2023/02/15 09:08:40] ERROR - Cliente non creato: {"error":{"message":"No permission.","code":"NO_PERMISSION"}}
[2023/02/15 09:08:43] INFO - Fattura creata: #789/F/2023
[2023/02/15 09:17:58] INFO - Creazione Fattura: 61020
[2023/02/15 09:17:59] ERROR - Ricerca cliente per codice fallita: {"error":{"message":"No permission.","code":"NO_PERMISSION"}}
[2023/02/15 09:18:00] ERROR - Ricerca cliente fallita: {"error":{"message":"No permission.","code":"NO_PERMISSION"}}
[2023/02/15 09:18:00] ERROR - Cliente non creato: {"error":{"message":"No permission.","code":"NO_PERMISSION"}}
[2023/02/15 09:18:04] INFO - Fattura creata: #776/R/2023
[2023/02/15 09:18:04] ERROR - Verifica XML fallita: {"error":{"message":"Il documento non \u00e8 una fattura elettronica.","validation_result":null}}
[2023/02/15 09:46:52] INFO - Creazione Fattura: 61022
[2023/02/15 09:46:54] ERROR - Ricerca cliente per codice fallita: {"error":{"message":"No permission.","code":"NO_PERMISSION"}}
[2023/02/15 09:46:54] ERROR - Ricerca cliente fallita: {"error":{"message":"No permission.","code":"NO_PERMISSION"}}
[2023/02/15 09:46:54] ERROR - Cliente non creato: {"error":{"message":"No permission.","code":"NO_PERMISSION"}}
[2023/02/15 09:46:56] INFO - Fattura creata: #790/F/2023
[2023/02/15 10:28:02] INFO - Creazione Fattura: 61023
[2023/02/15 10:28:03] ERROR - Ricerca cliente per codice fallita: {"error":{"message":"No permission.","code":"NO_PERMISSION"}}
[2023/02/15 10:28:03] ERROR - Ricerca cliente fallita: {"error":{"message":"No permission.","code":"NO_PERMISSION"}}
[2023/02/15 10:28:04] ERROR - Cliente non creato: {"error":{"message":"No permission.","code":"NO_PERMISSION"}}
[2023/02/15 10:28:07] INFO - Fattura creata: #777/R/2023
[2023/02/15 10:28:07] ERROR - Verifica XML fallita: {"error":{"message":"Il documento non \u00e8 una fattura elettronica.","validation_result":null}}
[2023/02/15 10:37:45] INFO - Creazione Fattura: 61024
[2023/02/15 10:37:46] ERROR - Ricerca cliente per codice fallita: {"error":{"message":"No permission.","code":"NO_PERMISSION"}}
[2023/02/15 10:37:46] ERROR - Ricerca cliente fallita: {"error":{"message":"No permission.","code":"NO_PERMISSION"}}
[2023/02/15 10:37:47] ERROR - Cliente non creato: {"error":{"message":"No permission.","code":"NO_PERMISSION"}}
[2023/02/15 10:37:49] INFO - Fattura creata: #778/R/2023
[2023/02/15 10:37:50] ERROR - Verifica XML fallita: {"error":{"message":"Il documento non \u00e8 una fattura elettronica.","validation_result":null}}
[2023/02/15 10:48:32] INFO - Creazione Fattura: 60996
[2023/02/15 10:48:33] ERROR - Ricerca cliente per codice fallita: {"error":{"message":"No permission.","code":"NO_PERMISSION"}}
[2023/02/15 10:48:33] ERROR - Ricerca cliente fallita: {"error":{"message":"No permission.","code":"NO_PERMISSION"}}
[2023/02/15 10:48:34] ERROR - Cliente non creato: {"error":{"message":"No permission.","code":"NO_PERMISSION"}}
[2023/02/15 10:48:36] INFO - Fattura creata: #791/F/2023
[2023/02/15 10:59:29] INFO - Creazione Fattura: 61025
[2023/02/15 10:59:30] ERROR - Ricerca cliente per codice fallita: {"error":{"message":"No permission.","code":"NO_PERMISSION"}}
[2023/02/15 10:59:30] ERROR - Ricerca cliente fallita: {"error":{"message":"No permission.","code":"NO_PERMISSION"}}
[2023/02/15 10:59:31] ERROR - Cliente non creato: {"error":{"message":"No permission.","code":"NO_PERMISSION"}}
[2023/02/15 10:59:32] INFO - Fattura creata: #791/F/2023
[2023/02/15 11:04:43] INFO - Creazione Fattura: 60996
[2023/02/15 11:04:44] ERROR - Ricerca cliente per codice fallita: {"error":{"message":"No permission.","code":"NO_PERMISSION"}}
[2023/02/15 11:04:44] ERROR - Ricerca cliente fallita: {"error":{"message":"No permission.","code":"NO_PERMISSION"}}
[2023/02/15 11:04:45] ERROR - Cliente non creato: {"error":{"message":"No permission.","code":"NO_PERMISSION"}}
[2023/02/15 11:04:47] INFO - Fattura creata: #793/F/2023
[2023/02/15 11:08:42] INFO - Creazione Fattura: 61027
[2023/02/15 11:08:43] ERROR - Ricerca cliente per codice fallita: {"error":{"message":"No permission.","code":"NO_PERMISSION"}}
[2023/02/15 11:08:43] ERROR - Ricerca cliente fallita: {"error":{"message":"No permission.","code":"NO_PERMISSION"}}
[2023/02/15 11:08:44] ERROR - Cliente non creato: {"error":{"message":"No permission.","code":"NO_PERMISSION"}}
[2023/02/15 11:08:46] INFO - Fattura creata: #794/F/2023
[2023/02/15 11:18:37] INFO - Creazione Fattura: 61028
[2023/02/15 11:18:38] ERROR - Ricerca cliente per codice fallita: {"error":{"message":"No permission.","code":"NO_PERMISSION"}}
[2023/02/15 11:18:38] ERROR - Ricerca cliente fallita: {"error":{"message":"No permission.","code":"NO_PERMISSION"}}
[2023/02/15 11:18:39] ERROR - Cliente non creato: {"error":{"message":"No permission.","code":"NO_PERMISSION"}}
[2023/02/15 11:18:41] INFO - Fattura creata: #779/R/2023
[2023/02/15 11:18:41] ERROR - Verifica XML fallita: {"error":{"message":"Il documento non \u00e8 una fattura elettronica.","validation_result":null}}
[2023/02/15 11:29:26] INFO - Creazione Fattura: 60996
[2023/02/15 11:29:27] INFO - Creazione fattura interrotta: Già esiste una fattura per questo ordine: {"data":{"id":262270764,"type":"invoice","year":2023,"numeration":"\/F","subject":"Ordine #GZPBGUTJY","visible_subject":"Ordine #GZPBGUTJY","rc_center":"inventivashop","amount_rivalsa":0,"amount_rivalsa_taxable":31.62,"amount_global_cassa_taxable":31.62,"amount_cassa":0,"amount_cassa_taxable":31.62,"amount_cassa2":0,"amount_cassa2_taxable":31.62,"amount_withholding_tax":0,"amount_withholding_tax_taxable":31.62,"amount_other_withholding_tax":0,"amount_enasarco_taxable":0,"amount_other_withholding_tax_taxable":31.62,"ei_cassa_type":null,"ei_cassa2_type":null,"ei_withholding_tax_causal":null,"ei_other_withholding_tax_type":null,"ei_other_withholding_tax_causal":null,"stamp_duty":0,"use_gross_prices":true,"e_invoice":true,"delivery_note":false,"accompanying_invoice":false,"amount_net":31.62,"amount_vat":6.96,"amount_gross":38.58,"amount_due_discount":0,"h_margins":15,"v_margins":16,"show_payment_method":true,"show_payments":true,"show_totals":"all","show_paypal_button":false,"show_notification_button":false,"is_marked":false,"created_at":"2023-02-15 11:04:46","updated_at":"2023-02-15 11:04:46","entity":{"name":"Cristian Pavone","vat_number":"06070030827","tax_code":"PVNCST89L30G273I","address_street":"Via Brancaccio 2M","address_postal_code":"90124","address_city":"Palermo","address_province":"PA","address_extra":"","country":"Italia","certified_email":"","ei_code":"W7YVJK9","entity_type":"client","type":null,"default_payment_terms":0,"default_payment_terms_type":"standard","shipping_address":"","default_vat":null,"default_payment_method":null,"bank_name":"","bank_iban":"","default_discount":0,"discount_highlight":false,"has_intent_declaration":false,"intent_declaration_protocol_number":null,"intent_declaration_protocol_date":null,"original_name":null},"date":"2023-02-15","number":793,"currency":{"id":"EUR","exchange_rate":"1.00000","symbol":"\u20ac"},"language":{"code":"it","name":"Italiano"},"notes":"","payment_method":{"id":null,"name":"Bank wire","details":[{"title":"","description":""},{"title":"","description":""},{"title":"","description":""},{"title":"","description":""},{"title":"","description":""}]},"use_split_payment":false,"merged_in":null,"original_document":null,"items_list":[{"product_id":null,"code":"","name":"Targa Plexiglass Orizzontale","measure":"","category":"","id":812694898,"apply_withholding_taxes":false,"discount":0,"discount_highlight":false,"in_dn":false,"qty":1,"net_price":24.62,"vat":{"id":0,"value":22,"description":""},"stock":true,"description":"","gross_price":30.0364,"not_taxable":false,"ei_raw":null},{"product_id":null,"code":"","name":"Spedizione: GLS\/TNT STANDARD","measure":"","category":"","id":812694899,"apply_withholding_taxes":false,"discount":0,"discount_highlight":false,"in_dn":false,"qty":1,"net_price":7,"vat":{"id":0,"value":22,"description":""},"stock":true,"description":"","gross_price":8.54,"not_taxable":false,"ei_raw":null}],"payments_list":[{"amount":38.58,"due_date":"2023-02-14","paid_date":"2023-02-15","id":213626855,"forfettari_revenue":38.58,"payment_terms":{"days":0,"type":"standard"},"status":"paid","payment_account":{"id":754084,"name":"Bank wire","virtual":false},"ei_raw":null}],"extra_data":null,"rivalsa":0,"rivalsa_taxable":100,"cassa":0,"cassa2":0,"global_cassa_taxable":100,"cassa_taxable":100,"cassa2_taxable":100,"withholding_tax":0,"withholding_tax_taxable":100,"other_withholding_tax":0,"other_withholding_tax_taxable":100,"seen_date":null,"next_due_date":null,"template":{"id":61357,"name":"Light Smoke Personalizzato "},"show_tspay_button":false,"url":"https:\/\/compute.fattureincloud.it\/doc\/0ko977kap3sktfma3rxvrd6x9uk314cd.pdf","ei_data":{"vat_kind":null,"original_document_type":null,"od_number":"","od_date":null,"cig":"","cup":"","payment_method":"MP05","bank_name":"","bank_iban":"IT43H0200843420000106143272","bank_beneficiary":"Inventiva pubblicitaria"},"ei_raw":null,"ei_ts_data":{"status":0,"id":null,"info":null},"ei_status":"not_sent","locked":false,"has_ts_pay_pending_payment":false,"is_first_e_invoice":false}}
[2023/02/15 11:39:17] INFO - Creazione Fattura: 60960
[2023/02/15 11:39:18] ERROR - Ricerca cliente per codice fallita: {"error":{"message":"No permission.","code":"NO_PERMISSION"}}
[2023/02/15 11:39:18] ERROR - Ricerca cliente fallita: {"error":{"message":"No permission.","code":"NO_PERMISSION"}}
[2023/02/15 11:39:19] ERROR - Cliente non creato: {"error":{"message":"No permission.","code":"NO_PERMISSION"}}
[2023/02/15 11:39:20] INFO - Fattura creata: #796/F/2023
[2023/02/15 11:39:53] INFO - Creazione Fattura: 60983
[2023/02/15 11:39:54] ERROR - Ricerca cliente per codice fallita: {"error":{"message":"No permission.","code":"NO_PERMISSION"}}
[2023/02/15 11:39:55] ERROR - Ricerca cliente fallita: {"error":{"message":"No permission.","code":"NO_PERMISSION"}}
[2023/02/15 11:39:55] ERROR - Cliente non creato: {"error":{"message":"No permission.","code":"NO_PERMISSION"}}
[2023/02/15 11:39:57] INFO - Fattura creata: #797/F/2023
[2023/02/15 11:40:12] INFO - Creazione Fattura: 60720
[2023/02/15 11:40:13] ERROR - Ricerca cliente per codice fallita: {"error":{"message":"No permission.","code":"NO_PERMISSION"}}
[2023/02/15 11:40:13] ERROR - Ricerca cliente fallita: {"error":{"message":"No permission.","code":"NO_PERMISSION"}}
[2023/02/15 11:40:13] ERROR - Cliente non creato: {"error":{"message":"No permission.","code":"NO_PERMISSION"}}
[2023/02/15 11:40:15] INFO - Fattura creata: #798/F/2023
[2023/02/15 11:40:49] INFO - Creazione Fattura: 60981
[2023/02/15 11:40:50] ERROR - Ricerca cliente per codice fallita: {"error":{"message":"No permission.","code":"NO_PERMISSION"}}
[2023/02/15 11:40:50] ERROR - Ricerca cliente fallita: {"error":{"message":"No permission.","code":"NO_PERMISSION"}}
[2023/02/15 11:40:51] ERROR - Cliente non creato: {"error":{"message":"No permission.","code":"NO_PERMISSION"}}
[2023/02/15 11:40:53] INFO - Fattura creata: #799/F/2023
[2023/02/15 11:41:53] INFO - Creazione Fattura: 60996
[2023/02/15 11:41:54] INFO - Creazione fattura interrotta: Già esiste una fattura per questo ordine: {"data":{"id":262270764,"type":"invoice","year":2023,"numeration":"\/F","subject":"Ordine #GZPBGUTJY","visible_subject":"Ordine #GZPBGUTJY","rc_center":"inventivashop","amount_rivalsa":0,"amount_rivalsa_taxable":31.62,"amount_global_cassa_taxable":31.62,"amount_cassa":0,"amount_cassa_taxable":31.62,"amount_cassa2":0,"amount_cassa2_taxable":31.62,"amount_withholding_tax":0,"amount_withholding_tax_taxable":31.62,"amount_other_withholding_tax":0,"amount_enasarco_taxable":0,"amount_other_withholding_tax_taxable":31.62,"ei_cassa_type":null,"ei_cassa2_type":null,"ei_withholding_tax_causal":null,"ei_other_withholding_tax_type":null,"ei_other_withholding_tax_causal":null,"stamp_duty":0,"use_gross_prices":true,"e_invoice":true,"delivery_note":false,"accompanying_invoice":false,"amount_net":31.62,"amount_vat":6.96,"amount_gross":38.58,"amount_due_discount":0,"h_margins":15,"v_margins":16,"show_payment_method":true,"show_payments":true,"show_totals":"all","show_paypal_button":false,"show_notification_button":false,"is_marked":false,"created_at":"2023-02-15 11:04:46","updated_at":"2023-02-15 11:04:46","entity":{"name":"Cristian Pavone","vat_number":"06070030827","tax_code":"PVNCST89L30G273I","address_street":"Via Brancaccio 2M","address_postal_code":"90124","address_city":"Palermo","address_province":"PA","address_extra":"","country":"Italia","certified_email":"","ei_code":"W7YVJK9","entity_type":"client","type":null,"default_payment_terms":0,"default_payment_terms_type":"standard","shipping_address":"","default_vat":null,"default_payment_method":null,"bank_name":"","bank_iban":"","default_discount":0,"discount_highlight":false,"has_intent_declaration":false,"intent_declaration_protocol_number":null,"intent_declaration_protocol_date":null,"original_name":null},"date":"2023-02-15","number":793,"currency":{"id":"EUR","exchange_rate":"1.00000","symbol":"\u20ac"},"language":{"code":"it","name":"Italiano"},"notes":"","payment_method":{"id":null,"name":"Bank wire","details":[{"title":"","description":""},{"title":"","description":""},{"title":"","description":""},{"title":"","description":""},{"title":"","description":""}]},"use_split_payment":false,"merged_in":null,"original_document":null,"items_list":[{"product_id":null,"code":"","name":"Targa Plexiglass Orizzontale","measure":"","category":"","id":812694898,"apply_withholding_taxes":false,"discount":0,"discount_highlight":false,"in_dn":false,"qty":1,"net_price":24.62,"vat":{"id":0,"value":22,"description":""},"stock":true,"description":"","gross_price":30.0364,"not_taxable":false,"ei_raw":null},{"product_id":null,"code":"","name":"Spedizione: GLS\/TNT STANDARD","measure":"","category":"","id":812694899,"apply_withholding_taxes":false,"discount":0,"discount_highlight":false,"in_dn":false,"qty":1,"net_price":7,"vat":{"id":0,"value":22,"description":""},"stock":true,"description":"","gross_price":8.54,"not_taxable":false,"ei_raw":null}],"payments_list":[{"amount":38.58,"due_date":"2023-02-14","paid_date":"2023-02-15","id":213626855,"forfettari_revenue":38.58,"payment_terms":{"days":0,"type":"standard"},"status":"paid","payment_account":{"id":754084,"name":"Bank wire","virtual":false},"ei_raw":null}],"extra_data":null,"rivalsa":0,"rivalsa_taxable":100,"cassa":0,"cassa2":0,"global_cassa_taxable":100,"cassa_taxable":100,"cassa2_taxable":100,"withholding_tax":0,"withholding_tax_taxable":100,"other_withholding_tax":0,"other_withholding_tax_taxable":100,"seen_date":null,"next_due_date":null,"template":{"id":61357,"name":"Light Smoke Personalizzato "},"show_tspay_button":false,"url":"https:\/\/compute.fattureincloud.it\/doc\/0ko977kap3sktfma3rxvrd6x9uk314cd.pdf","ei_data":{"vat_kind":null,"original_document_type":null,"od_number":"","od_date":null,"cig":"","cup":"","payment_method":"MP05","bank_name":"","bank_iban":"IT43H0200843420000106143272","bank_beneficiary":"Inventiva pubblicitaria"},"ei_raw":null,"ei_ts_data":{"status":0,"id":null,"info":null},"ei_status":"not_sent","locked":false,"has_ts_pay_pending_payment":false,"is_first_e_invoice":false}}
[2023/02/15 11:46:03] INFO - Creazione Fattura: 61029
[2023/02/15 11:46:05] ERROR - Ricerca cliente per codice fallita: {"error":{"message":"No permission.","code":"NO_PERMISSION"}}
[2023/02/15 11:46:05] ERROR - Ricerca cliente fallita: {"error":{"message":"No permission.","code":"NO_PERMISSION"}}
[2023/02/15 11:46:05] ERROR - Cliente non creato: {"error":{"message":"No permission.","code":"NO_PERMISSION"}}
[2023/02/15 11:46:07] INFO - Fattura creata: #800/F/2023
[2023/02/15 11:46:45] INFO - Creazione Fattura: 60996
[2023/02/15 11:46:46] ERROR - Ricerca cliente per codice fallita: {"error":{"message":"No permission.","code":"NO_PERMISSION"}}
[2023/02/15 11:46:47] ERROR - Ricerca cliente fallita: {"error":{"message":"No permission.","code":"NO_PERMISSION"}}
[2023/02/15 11:46:47] ERROR - Cliente non creato: {"error":{"message":"No permission.","code":"NO_PERMISSION"}}
[2023/02/15 11:46:49] INFO - Fattura creata: #801/F/2023
[2023/02/15 11:48:48] INFO - Creazione Fattura: 60996
[2023/02/15 11:48:49] INFO - Creazione fattura interrotta: Già esiste una fattura per questo ordine: {"data":{"id":262287989,"type":"invoice","year":2023,"numeration":"\/F","subject":"Ordine #GZPBGUTJY","visible_subject":"Ordine #GZPBGUTJY","rc_center":"inventivashop","amount_rivalsa":0,"amount_rivalsa_taxable":31.62,"amount_global_cassa_taxable":31.62,"amount_cassa":0,"amount_cassa_taxable":31.62,"amount_cassa2":0,"amount_cassa2_taxable":31.62,"amount_withholding_tax":0,"amount_withholding_tax_taxable":31.62,"amount_other_withholding_tax":0,"amount_enasarco_taxable":0,"amount_other_withholding_tax_taxable":31.62,"ei_cassa_type":null,"ei_cassa2_type":null,"ei_withholding_tax_causal":null,"ei_other_withholding_tax_type":null,"ei_other_withholding_tax_causal":null,"stamp_duty":0,"use_gross_prices":true,"e_invoice":true,"delivery_note":false,"accompanying_invoice":false,"amount_net":31.62,"amount_vat":6.96,"amount_gross":38.58,"amount_due_discount":0,"h_margins":15,"v_margins":16,"show_payment_method":true,"show_payments":true,"show_totals":"all","show_paypal_button":false,"show_notification_button":false,"is_marked":false,"created_at":"2023-02-15 11:46:49","updated_at":"2023-02-15 11:46:49","entity":{"name":"Cristian Pavone","vat_number":"06070030827","tax_code":"PVNCST89L30G273I","address_street":"Via Brancaccio 2M","address_postal_code":"90124","address_city":"Palermo","address_province":"PA","address_extra":"","country":"Italia","certified_email":"","ei_code":"W7YVJK9","entity_type":"client","type":null,"default_payment_terms":0,"default_payment_terms_type":"standard","shipping_address":"","default_vat":null,"default_payment_method":null,"bank_name":"","bank_iban":"","default_discount":0,"discount_highlight":false,"has_intent_declaration":false,"intent_declaration_protocol_number":null,"intent_declaration_protocol_date":null,"original_name":null},"date":"2023-02-15","number":801,"currency":{"id":"EUR","exchange_rate":"1.00000","symbol":"\u20ac"},"language":{"code":"it","name":"Italiano"},"notes":"","payment_method":{"id":null,"name":"Bank wire","details":[{"title":"","description":""},{"title":"","description":""},{"title":"","description":""},{"title":"","description":""},{"title":"","description":""}]},"use_split_payment":false,"merged_in":null,"original_document":null,"items_list":[{"product_id":null,"code":"","name":"Targa Plexiglass Orizzontale","measure":"","category":"","id":812741878,"apply_withholding_taxes":false,"discount":0,"discount_highlight":false,"in_dn":false,"qty":1,"net_price":24.62,"vat":{"id":0,"value":22,"description":""},"stock":true,"description":"","gross_price":30.0364,"not_taxable":false,"ei_raw":null},{"product_id":null,"code":"","name":"Spedizione: GLS\/TNT STANDARD","measure":"","category":"","id":812741879,"apply_withholding_taxes":false,"discount":0,"discount_highlight":false,"in_dn":false,"qty":1,"net_price":7,"vat":{"id":0,"value":22,"description":""},"stock":true,"description":"","gross_price":8.54,"not_taxable":false,"ei_raw":null}],"payments_list":[{"amount":38.58,"due_date":"2023-02-14","paid_date":"2023-02-15","id":213641759,"forfettari_revenue":38.58,"payment_terms":{"days":0,"type":"standard"},"status":"paid","payment_account":{"id":754084,"name":"Bank wire","virtual":false},"ei_raw":null}],"extra_data":null,"rivalsa":0,"rivalsa_taxable":100,"cassa":0,"cassa2":0,"global_cassa_taxable":100,"cassa_taxable":100,"cassa2_taxable":100,"withholding_tax":0,"withholding_tax_taxable":100,"other_withholding_tax":0,"other_withholding_tax_taxable":100,"seen_date":null,"next_due_date":null,"template":{"id":61357,"name":"Light Smoke Personalizzato "},"show_tspay_button":false,"url":"https:\/\/compute.fattureincloud.it\/doc\/tvbhqlos2kd47icq39ll6151j6qicqw9.pdf","ei_data":{"vat_kind":null,"original_document_type":null,"od_number":"","od_date":null,"cig":"","cup":"","payment_method":"MP05","bank_name":"","bank_iban":"IT43H0200843420000106143272","bank_beneficiary":"Inventiva pubblicitaria"},"ei_raw":null,"ei_ts_data":{"status":0,"id":null,"info":null},"ei_status":"not_sent","locked":false,"has_ts_pay_pending_payment":false,"is_first_e_invoice":false}}
[2023/02/15 11:49:12] INFO - Creazione Fattura: 61030
[2023/02/15 11:49:13] ERROR - Ricerca cliente per codice fallita: {"error":{"message":"No permission.","code":"NO_PERMISSION"}}
[2023/02/15 11:49:14] ERROR - Ricerca cliente fallita: {"error":{"message":"No permission.","code":"NO_PERMISSION"}}
[2023/02/15 11:49:14] ERROR - Cliente non creato: {"error":{"message":"No permission.","code":"NO_PERMISSION"}}
[2023/02/15 11:49:15] INFO - Fattura creata: #780/R/2023
[2023/02/15 11:49:16] ERROR - Verifica XML fallita: {"error":{"message":"Il documento non \u00e8 una fattura elettronica.","validation_result":null}}
[2023/02/15 11:51:32] INFO - Creazione Fattura: 60996
[2023/02/15 11:51:33] ERROR - Ricerca cliente per codice fallita: {"error":{"message":"No permission.","code":"NO_PERMISSION"}}
[2023/02/15 11:51:33] ERROR - Ricerca cliente fallita: {"error":{"message":"No permission.","code":"NO_PERMISSION"}}
[2023/02/15 11:51:34] ERROR - Cliente non creato: {"error":{"message":"No permission.","code":"NO_PERMISSION"}}
[2023/02/15 11:51:35] INFO - Fattura creata: #801/F/2023
[2023/02/15 11:52:27] INFO - Creazione Fattura: 61031
[2023/02/15 11:52:28] ERROR - Ricerca cliente per codice fallita: {"error":{"message":"No permission.","code":"NO_PERMISSION"}}
[2023/02/15 11:52:28] ERROR - Ricerca cliente fallita: {"error":{"message":"No permission.","code":"NO_PERMISSION"}}
[2023/02/15 11:52:29] ERROR - Cliente non creato: {"error":{"message":"No permission.","code":"NO_PERMISSION"}}
[2023/02/15 11:52:30] INFO - Fattura creata: #781/R/2023
[2023/02/15 11:52:31] ERROR - Verifica XML fallita: {"error":{"message":"Il documento non \u00e8 una fattura elettronica.","validation_result":null}}
[2023/02/15 11:55:50] INFO - Creazione Fattura: 60996
[2023/02/15 11:55:51] ERROR - Ricerca cliente per codice fallita: {"error":{"message":"No permission.","code":"NO_PERMISSION"}}
[2023/02/15 11:55:52] ERROR - Ricerca cliente fallita: {"error":{"message":"No permission.","code":"NO_PERMISSION"}}
[2023/02/15 11:55:52] ERROR - Cliente non creato: {"error":{"message":"No permission.","code":"NO_PERMISSION"}}
[2023/02/15 11:55:53] INFO - Fattura creata: #801/F/2023
[2023/02/15 12:00:53] INFO - Creazione Fattura: 60720
[2023/02/15 12:00:54] INFO - Creazione fattura interrotta: Già esiste una fattura per questo ordine: {"data":{"id":262285375,"type":"invoice","year":2023,"numeration":"\/F","subject":"Ordine #HHAPMJAOT","visible_subject":"Ordine #HHAPMJAOT","rc_center":"inventivashop","amount_rivalsa":0,"amount_rivalsa_taxable":107.28,"amount_global_cassa_taxable":107.28,"amount_cassa":0,"amount_cassa_taxable":107.28,"amount_cassa2":0,"amount_cassa2_taxable":107.28,"amount_withholding_tax":0,"amount_withholding_tax_taxable":107.28,"amount_other_withholding_tax":0,"amount_enasarco_taxable":0,"amount_other_withholding_tax_taxable":107.28,"ei_cassa_type":null,"ei_cassa2_type":null,"ei_withholding_tax_causal":null,"ei_other_withholding_tax_type":null,"ei_other_withholding_tax_causal":null,"stamp_duty":0,"use_gross_prices":true,"e_invoice":true,"delivery_note":false,"accompanying_invoice":false,"amount_net":107.28,"amount_vat":23.6,"amount_gross":122.34,"amount_due_discount":-8.54,"h_margins":15,"v_margins":16,"show_payment_method":true,"show_payments":true,"show_totals":"all","show_paypal_button":false,"show_notification_button":false,"is_marked":false,"created_at":"2023-02-15 11:40:14","updated_at":"2023-02-15 11:40:14","entity":{"name":"Best Accomodation Srl","vat_number":"","tax_code":"08852510968","address_street":"Via Bellinzona 55","address_postal_code":"22100","address_city":"Como","address_province":"CO","address_extra":"","country":"Italia","certified_email":"","ei_code":"BA6ET11","entity_type":"client","type":null,"default_payment_terms":0,"default_payment_terms_type":"standard","shipping_address":"","default_vat":null,"default_payment_method":null,"bank_name":"","bank_iban":"","default_discount":0,"discount_highlight":false,"has_intent_declaration":false,"intent_declaration_protocol_number":null,"intent_declaration_protocol_date":null,"original_name":null},"date":"2023-02-15","number":798,"currency":{"id":"EUR","exchange_rate":"1.00000","symbol":"\u20ac"},"language":{"code":"it","name":"Italiano"},"notes":"","payment_method":{"id":null,"name":"Bank wire","details":[{"title":"","description":""},{"title":"","description":""},{"title":"","description":""},{"title":"","description":""},{"title":"","description":""}]},"use_split_payment":false,"merged_in":null,"original_document":null,"items_list":[{"product_id":null,"code":"","name":"Targa plexiglass Quadrata","measure":"","category":"","id":812734592,"apply_withholding_taxes":false,"discount":0,"discount_highlight":false,"in_dn":false,"qty":1,"net_price":45.14,"vat":{"id":0,"value":22,"description":""},"stock":true,"description":"","gross_price":55.0708,"not_taxable":false,"ei_raw":null},{"product_id":null,"code":"","name":"Verifica Professionale","measure":"","category":"","id":812734593,"apply_withholding_taxes":false,"discount":0,"discount_highlight":false,"in_dn":false,"qty":1,"net_price":5,"vat":{"id":0,"value":22,"description":""},"stock":true,"description":"","gross_price":6.1,"not_taxable":false,"ei_raw":null},{"product_id":null,"code":"","name":"Targa plexiglass Quadrata","measure":"","category":"","id":812734594,"apply_withholding_taxes":false,"discount":0,"discount_highlight":false,"in_dn":false,"qty":1,"net_price":45.14,"vat":{"id":0,"value":22,"description":""},"stock":true,"description":"","gross_price":55.0708,"not_taxable":false,"ei_raw":null},{"product_id":null,"code":"","name":"Verifica Professionale","measure":"","category":"","id":812734595,"apply_withholding_taxes":false,"discount":0,"discount_highlight":false,"in_dn":false,"qty":1,"net_price":5,"vat":{"id":0,"value":22,"description":""},"stock":true,"description":"","gross_price":6.1,"not_taxable":false,"ei_raw":null},{"product_id":null,"code":"","name":"Coupon utilizzati","measure":"","category":"","id":812734596,"apply_withholding_taxes":false,"discount":0,"discount_highlight":false,"in_dn":false,"qty":1,"net_price":0,"vat":{"id":6,"value":0,"description":""},"stock":true,"description":"Oggi Promo in corso\n\nIl valore dei coupon utilizzati \u00e8 riportato tra i totali alla voce sconto.","gross_price":0,"not_taxable":false,"ei_raw":null},{"product_id":null,"code":"","name":"Spedizione: GLS\/TNT STANDARD","measure":"","category":"","id":812734597,"apply_withholding_taxes":false,"discount":0,"discount_highlight":false,"in_dn":false,"qty":1,"net_price":7,"vat":{"id":0,"value":22,"description":""},"stock":true,"description":"","gross_price":8.54,"not_taxable":false,"ei_raw":null}],"payments_list":[{"amount":122.34,"due_date":"2023-02-06","paid_date":"2023-02-15","id":213639536,"forfettari_revenue":122.34,"payment_terms":{"days":0,"type":"standard"},"status":"paid","payment_account":{"id":754084,"name":"Bank wire","virtual":false},"ei_raw":null}],"extra_data":null,"rivalsa":0,"rivalsa_taxable":100,"cassa":0,"cassa2":0,"global_cassa_taxable":100,"cassa_taxable":100,"cassa2_taxable":100,"withholding_tax":0,"withholding_tax_taxable":100,"other_withholding_tax":0,"other_withholding_tax_taxable":100,"seen_date":null,"next_due_date":null,"template":{"id":61357,"name":"Light Smoke Personalizzato "},"show_tspay_button":false,"url":"https:\/\/compute.fattureincloud.it\/doc\/fnpvv0tilmvwng8735gfc88t0pvwsoxe.pdf","ei_data":{"vat_kind":null,"original_document_type":null,"od_number":"","od_date":null,"cig":"","cup":"","payment_method":"MP05","bank_name":"","bank_iban":"IT43H0200843420000106143272","bank_beneficiary":"Inventiva pubblicitaria"},"ei_raw":null,"ei_ts_data":{"status":0,"id":null,"info":null},"ei_status":"not_sent","locked":false,"has_ts_pay_pending_payment":false,"is_first_e_invoice":false}}
[2023/02/15 12:03:04] INFO - Creazione Fattura: 60996
[2023/02/15 12:03:06] ERROR - Ricerca cliente per codice fallita: {"error":{"message":"No permission.","code":"NO_PERMISSION"}}
[2023/02/15 12:03:06] ERROR - Ricerca cliente fallita: {"error":{"message":"No permission.","code":"NO_PERMISSION"}}
[2023/02/15 12:03:07] ERROR - Cliente non creato: {"error":{"message":"No permission.","code":"NO_PERMISSION"}}
[2023/02/15 12:03:08] INFO - Fattura creata: #801/F/2023
[2023/02/15 12:06:53] INFO - Creazione Fattura: 60996
[2023/02/15 12:06:54] ERROR - Ricerca cliente per codice fallita: {"error":{"message":"No permission.","code":"NO_PERMISSION"}}
[2023/02/15 12:06:55] ERROR - Ricerca cliente fallita: {"error":{"message":"No permission.","code":"NO_PERMISSION"}}
[2023/02/15 12:06:55] ERROR - Cliente non creato: {"error":{"message":"No permission.","code":"NO_PERMISSION"}}
[2023/02/15 12:06:57] INFO - Fattura creata: #801/F/2023
[2023/02/15 12:20:15] INFO - Creazione Fattura: 61032
[2023/02/15 12:20:16] ERROR - Ricerca cliente per codice fallita: {"error":{"message":"No permission.","code":"NO_PERMISSION"}}
[2023/02/15 12:20:16] ERROR - Ricerca cliente fallita: {"error":{"message":"No permission.","code":"NO_PERMISSION"}}
[2023/02/15 12:20:17] ERROR - Cliente non creato: {"error":{"message":"No permission.","code":"NO_PERMISSION"}}
[2023/02/15 12:20:19] INFO - Fattura creata: #782/R/2023
[2023/02/15 12:20:19] ERROR - Verifica XML fallita: {"error":{"message":"Il documento non \u00e8 una fattura elettronica.","validation_result":null}}
[2023/02/15 12:44:54] INFO - Creazione Fattura: 61033
[2023/02/15 12:44:55] ERROR - Ricerca cliente per codice fallita: {"error":{"message":"No permission.","code":"NO_PERMISSION"}}
[2023/02/15 12:44:56] ERROR - Ricerca cliente fallita: {"error":{"message":"No permission.","code":"NO_PERMISSION"}}
[2023/02/15 12:44:56] ERROR - Cliente non creato: {"error":{"message":"No permission.","code":"NO_PERMISSION"}}
[2023/02/15 12:44:57] INFO - Fattura creata: #783/R/2023
[2023/02/15 12:44:58] ERROR - Verifica XML fallita: {"error":{"message":"Il documento non \u00e8 una fattura elettronica.","validation_result":null}}
[2023/02/15 01:56:41] INFO - Creazione Fattura: 61034
[2023/02/15 01:56:42] ERROR - Ricerca cliente per codice fallita: {"error":{"message":"No permission.","code":"NO_PERMISSION"}}
[2023/02/15 01:56:42] ERROR - Ricerca cliente fallita: {"error":{"message":"No permission.","code":"NO_PERMISSION"}}
[2023/02/15 01:56:43] ERROR - Cliente non creato: {"error":{"message":"No permission.","code":"NO_PERMISSION"}}
[2023/02/15 01:56:45] INFO - Fattura creata: #802/F/2023
[2023/02/15 03:06:53] INFO - Creazione Fattura: 61036
[2023/02/15 03:06:54] ERROR - Ricerca cliente per codice fallita: {"error":{"message":"No permission.","code":"NO_PERMISSION"}}
[2023/02/15 03:06:55] ERROR - Ricerca cliente fallita: {"error":{"message":"No permission.","code":"NO_PERMISSION"}}
[2023/02/15 03:06:55] ERROR - Cliente non creato: {"error":{"message":"No permission.","code":"NO_PERMISSION"}}
[2023/02/15 03:06:57] INFO - Fattura creata: #784/R/2023
[2023/02/15 03:06:58] ERROR - Verifica XML fallita: {"error":{"message":"Il documento non \u00e8 una fattura elettronica.","validation_result":null}}
[2023/02/15 03:32:00] INFO - Creazione Fattura: 60996
[2023/02/15 03:32:01] ERROR - Ricerca cliente per codice fallita: {"error":{"message":"No permission.","code":"NO_PERMISSION"}}
[2023/02/15 03:32:02] ERROR - Ricerca cliente fallita: {"error":{"message":"No permission.","code":"NO_PERMISSION"}}
[2023/02/15 03:32:02] ERROR - Cliente non creato: {"error":{"message":"No permission.","code":"NO_PERMISSION"}}
[2023/02/15 03:32:04] INFO - Fattura creata: #803/F/2023
[2023/02/15 03:33:43] INFO - Creazione Fattura: 61037
[2023/02/15 03:33:44] ERROR - Ricerca cliente per codice fallita: {"error":{"message":"No permission.","code":"NO_PERMISSION"}}
[2023/02/15 03:33:45] ERROR - Ricerca cliente fallita: {"error":{"message":"No permission.","code":"NO_PERMISSION"}}
[2023/02/15 03:33:45] ERROR - Cliente non creato: {"error":{"message":"No permission.","code":"NO_PERMISSION"}}
[2023/02/15 03:33:47] INFO - Fattura creata: #804/F/2023
[2023/02/15 03:55:31] INFO - Creazione Fattura: 61038
[2023/02/15 03:55:32] ERROR - Ricerca cliente per codice fallita: {"error":{"message":"No permission.","code":"NO_PERMISSION"}}
[2023/02/15 03:55:33] ERROR - Ricerca cliente fallita: {"error":{"message":"No permission.","code":"NO_PERMISSION"}}
[2023/02/15 03:55:33] ERROR - Cliente non creato: {"error":{"message":"No permission.","code":"NO_PERMISSION"}}
[2023/02/15 03:55:35] INFO - Fattura creata: #805/F/2023
[2023/02/15 04:16:39] INFO - Creazione Fattura: 61039
[2023/02/15 04:16:40] ERROR - Ricerca cliente per codice fallita: {"error":{"message":"No permission.","code":"NO_PERMISSION"}}
[2023/02/15 04:16:41] ERROR - Ricerca cliente fallita: {"error":{"message":"No permission.","code":"NO_PERMISSION"}}
[2023/02/15 04:16:41] ERROR - Cliente non creato: {"error":{"message":"No permission.","code":"NO_PERMISSION"}}
[2023/02/15 04:16:43] INFO - Fattura creata: #785/R/2023
[2023/02/15 04:16:44] ERROR - Verifica XML fallita: {"error":{"message":"Il documento non \u00e8 una fattura elettronica.","validation_result":null}}
[2023/02/15 04:21:18] INFO - Creazione Fattura: 61040
[2023/02/15 04:21:19] ERROR - Ricerca cliente per codice fallita: {"error":{"message":"No permission.","code":"NO_PERMISSION"}}
[2023/02/15 04:21:20] ERROR - Ricerca cliente fallita: {"error":{"message":"No permission.","code":"NO_PERMISSION"}}
[2023/02/15 04:21:20] ERROR - Cliente non creato: {"error":{"message":"No permission.","code":"NO_PERMISSION"}}
[2023/02/15 04:21:22] INFO - Fattura creata: #806/F/2023
[2023/02/15 04:40:49] INFO - Creazione Fattura: 61041
[2023/02/15 04:40:50] ERROR - Ricerca cliente per codice fallita: {"error":{"message":"No permission.","code":"NO_PERMISSION"}}
[2023/02/15 04:40:51] ERROR - Ricerca cliente fallita: {"error":{"message":"No permission.","code":"NO_PERMISSION"}}
[2023/02/15 04:40:51] ERROR - Cliente non creato: {"error":{"message":"No permission.","code":"NO_PERMISSION"}}
[2023/02/15 04:40:53] INFO - Fattura creata: #786/R/2023
[2023/02/15 04:40:53] ERROR - Verifica XML fallita: {"error":{"message":"Il documento non \u00e8 una fattura elettronica.","validation_result":null}}
[2023/02/15 04:46:24] INFO - Creazione Fattura: 61042
[2023/02/15 04:46:25] ERROR - Ricerca cliente per codice fallita: {"error":{"message":"No permission.","code":"NO_PERMISSION"}}
[2023/02/15 04:46:25] ERROR - Ricerca cliente fallita: {"error":{"message":"No permission.","code":"NO_PERMISSION"}}
[2023/02/15 04:46:26] ERROR - Cliente non creato: {"error":{"message":"No permission.","code":"NO_PERMISSION"}}
[2023/02/15 04:46:28] INFO - Fattura creata: #807/F/2023
[2023/02/15 04:56:04] INFO - Creazione Fattura: 61043
[2023/02/15 04:56:06] ERROR - Ricerca cliente per codice fallita: {"error":{"message":"No permission.","code":"NO_PERMISSION"}}
[2023/02/15 04:56:06] ERROR - Ricerca cliente fallita: {"error":{"message":"No permission.","code":"NO_PERMISSION"}}
[2023/02/15 04:56:07] ERROR - Cliente non creato: {"error":{"message":"No permission.","code":"NO_PERMISSION"}}
[2023/02/15 04:56:09] INFO - Fattura creata: #808/F/2023
[2023/02/15 05:02:05] INFO - Creazione Fattura: 61044
[2023/02/15 05:02:06] ERROR - Ricerca cliente per codice fallita: {"error":{"message":"No permission.","code":"NO_PERMISSION"}}
[2023/02/15 05:02:07] ERROR - Ricerca cliente fallita: {"error":{"message":"No permission.","code":"NO_PERMISSION"}}
[2023/02/15 05:02:07] ERROR - Cliente non creato: {"error":{"message":"No permission.","code":"NO_PERMISSION"}}
[2023/02/15 05:02:10] INFO - Fattura creata: #787/R/2023
[2023/02/15 05:02:10] ERROR - Verifica XML fallita: {"error":{"message":"Il documento non \u00e8 una fattura elettronica.","validation_result":null}}
[2023/02/15 05:05:26] INFO - Creazione Fattura: 61045
[2023/02/15 05:05:27] ERROR - Ricerca cliente per codice fallita: {"error":{"message":"No permission.","code":"NO_PERMISSION"}}
[2023/02/15 05:05:27] ERROR - Ricerca cliente fallita: {"error":{"message":"No permission.","code":"NO_PERMISSION"}}
[2023/02/15 05:05:28] ERROR - Cliente non creato: {"error":{"message":"No permission.","code":"NO_PERMISSION"}}
[2023/02/15 05:05:30] INFO - Fattura creata: #788/R/2023
[2023/02/15 05:05:30] ERROR - Verifica XML fallita: {"error":{"message":"Il documento non \u00e8 una fattura elettronica.","validation_result":null}}
[2023/02/15 05:10:28] INFO - Creazione Fattura: 61046
[2023/02/15 05:10:29] ERROR - Ricerca cliente per codice fallita: {"error":{"message":"No permission.","code":"NO_PERMISSION"}}
[2023/02/15 05:10:29] ERROR - Ricerca cliente fallita: {"error":{"message":"No permission.","code":"NO_PERMISSION"}}
[2023/02/15 05:10:30] ERROR - Cliente non creato: {"error":{"message":"No permission.","code":"NO_PERMISSION"}}
[2023/02/15 05:10:32] INFO - Fattura creata: #809/F/2023
[2023/02/15 05:23:11] INFO - Creazione Fattura: 61047
[2023/02/15 05:23:12] ERROR - Ricerca cliente per codice fallita: {"error":{"message":"No permission.","code":"NO_PERMISSION"}}
[2023/02/15 05:23:13] ERROR - Ricerca cliente fallita: {"error":{"message":"No permission.","code":"NO_PERMISSION"}}
[2023/02/15 05:23:13] ERROR - Cliente non creato: {"error":{"message":"No permission.","code":"NO_PERMISSION"}}
[2023/02/15 05:23:15] INFO - Fattura creata: #810/F/2023
[2023/02/15 05:26:36] INFO - Creazione Fattura: 61048
[2023/02/15 05:26:37] ERROR - Ricerca cliente per codice fallita: {"error":{"message":"No permission.","code":"NO_PERMISSION"}}
[2023/02/15 05:26:38] ERROR - Ricerca cliente fallita: {"error":{"message":"No permission.","code":"NO_PERMISSION"}}
[2023/02/15 05:26:38] ERROR - Cliente non creato: {"error":{"message":"No permission.","code":"NO_PERMISSION"}}
[2023/02/15 05:26:40] INFO - Fattura creata: #811/F/2023
[2023/02/15 05:44:13] INFO - Creazione Fattura: 61050
[2023/02/15 05:44:14] ERROR - Ricerca cliente per codice fallita: {"error":{"message":"No permission.","code":"NO_PERMISSION"}}
[2023/02/15 05:44:15] ERROR - Ricerca cliente fallita: {"error":{"message":"No permission.","code":"NO_PERMISSION"}}
[2023/02/15 05:44:15] ERROR - Cliente non creato: {"error":{"message":"No permission.","code":"NO_PERMISSION"}}
[2023/02/15 05:44:17] INFO - Fattura creata: #789/R/2023
[2023/02/15 05:44:18] ERROR - Verifica XML fallita: {"error":{"message":"Il documento non \u00e8 una fattura elettronica.","validation_result":null}}
[2023/02/15 06:07:00] INFO - Creazione Fattura: 61052
[2023/02/15 06:07:02] ERROR - Ricerca cliente per codice fallita: {"error":{"message":"No permission.","code":"NO_PERMISSION"}}
[2023/02/15 06:07:02] ERROR - Ricerca cliente fallita: {"error":{"message":"No permission.","code":"NO_PERMISSION"}}
[2023/02/15 06:07:03] ERROR - Cliente non creato: {"error":{"message":"No permission.","code":"NO_PERMISSION"}}
[2023/02/15 06:07:05] INFO - Fattura creata: #812/F/2023
[2023/02/15 06:39:44] INFO - Creazione Fattura: 61053
[2023/02/15 06:39:45] ERROR - Ricerca cliente per codice fallita: {"error":{"message":"No permission.","code":"NO_PERMISSION"}}
[2023/02/15 06:39:45] ERROR - Ricerca cliente fallita: {"error":{"message":"No permission.","code":"NO_PERMISSION"}}
[2023/02/15 06:39:46] ERROR - Cliente non creato: {"error":{"message":"No permission.","code":"NO_PERMISSION"}}
[2023/02/15 06:39:48] INFO - Fattura creata: #790/R/2023
[2023/02/15 06:39:48] ERROR - Verifica XML fallita: {"error":{"message":"Il documento non \u00e8 una fattura elettronica.","validation_result":null}}
[2023/02/15 06:51:04] INFO - Creazione Fattura: 61054
[2023/02/15 06:51:05] ERROR - Ricerca cliente per codice fallita: {"error":{"message":"No permission.","code":"NO_PERMISSION"}}
[2023/02/15 06:51:05] ERROR - Ricerca cliente fallita: {"error":{"message":"No permission.","code":"NO_PERMISSION"}}
[2023/02/15 06:51:06] ERROR - Cliente non creato: {"error":{"message":"No permission.","code":"NO_PERMISSION"}}
[2023/02/15 06:51:08] INFO - Fattura creata: #791/R/2023
[2023/02/15 06:51:08] ERROR - Verifica XML fallita: {"error":{"message":"Il documento non \u00e8 una fattura elettronica.","validation_result":null}}
[2023/02/15 07:17:52] INFO - Creazione Fattura: 61055
[2023/02/15 07:17:53] ERROR - Ricerca cliente per codice fallita: {"error":{"message":"No permission.","code":"NO_PERMISSION"}}
[2023/02/15 07:17:53] ERROR - Ricerca cliente fallita: {"error":{"message":"No permission.","code":"NO_PERMISSION"}}
[2023/02/15 07:17:54] ERROR - Cliente non creato: {"error":{"message":"No permission.","code":"NO_PERMISSION"}}
[2023/02/15 07:17:56] INFO - Fattura creata: #813/F/2023
[2023/02/15 07:33:40] INFO - Creazione Fattura: 61056
[2023/02/15 07:33:41] ERROR - Ricerca cliente per codice fallita: {"error":{"message":"No permission.","code":"NO_PERMISSION"}}
[2023/02/15 07:33:42] ERROR - Ricerca cliente fallita: {"error":{"message":"No permission.","code":"NO_PERMISSION"}}
[2023/02/15 07:33:42] ERROR - Cliente non creato: {"error":{"message":"No permission.","code":"NO_PERMISSION"}}
[2023/02/15 07:33:45] INFO - Fattura creata: #792/R/2023
[2023/02/15 07:33:45] ERROR - Verifica XML fallita: {"error":{"message":"Il documento non \u00e8 una fattura elettronica.","validation_result":null}}
[2023/02/15 07:35:19] INFO - Creazione Fattura: 61057
[2023/02/15 07:35:20] ERROR - Ricerca cliente per codice fallita: {"error":{"message":"No permission.","code":"NO_PERMISSION"}}
[2023/02/15 07:35:20] ERROR - Ricerca cliente fallita: {"error":{"message":"No permission.","code":"NO_PERMISSION"}}
[2023/02/15 07:35:21] ERROR - Cliente non creato: {"error":{"message":"No permission.","code":"NO_PERMISSION"}}
[2023/02/15 07:35:23] INFO - Fattura creata: #793/R/2023
[2023/02/15 07:35:24] ERROR - Verifica XML fallita: {"error":{"message":"Il documento non \u00e8 una fattura elettronica.","validation_result":null}}
[2023/02/15 07:49:00] INFO - Creazione Fattura: 61058
[2023/02/15 07:49:02] ERROR - Ricerca cliente per codice fallita: {"error":{"message":"No permission.","code":"NO_PERMISSION"}}
[2023/02/15 07:49:02] ERROR - Ricerca cliente fallita: {"error":{"message":"No permission.","code":"NO_PERMISSION"}}
[2023/02/15 07:49:03] ERROR - Cliente non creato: {"error":{"message":"No permission.","code":"NO_PERMISSION"}}
[2023/02/15 07:49:05] INFO - Fattura creata: #794/R/2023
[2023/02/15 07:49:05] ERROR - Verifica XML fallita: {"error":{"message":"Il documento non \u00e8 una fattura elettronica.","validation_result":null}}
[2023/02/15 08:08:16] INFO - Creazione Fattura: 60996
[2023/02/15 08:08:21] INFO - Fattura creata: #814/F/2023
[2023/02/15 08:12:34] INFO - Creazione Fattura: 60996
[2023/02/15 08:12:37] INFO - Fattura creata: #814/F/2023
[2023/02/15 08:25:26] INFO - Creazione Fattura: 61059
[2023/02/15 08:25:27] ERROR - Ricerca cliente per codice fallita: {"error":{"message":"No permission.","code":"NO_PERMISSION"}}
[2023/02/15 08:25:28] ERROR - Ricerca cliente fallita: {"error":{"message":"No permission.","code":"NO_PERMISSION"}}
[2023/02/15 08:25:28] ERROR - Cliente non creato: {"error":{"message":"No permission.","code":"NO_PERMISSION"}}
[2023/02/15 08:25:30] INFO - Fattura creata: #814/F/2023
[2023/02/15 10:46:33] INFO - Creazione Fattura: 61060
[2023/02/15 10:46:34] ERROR - Ricerca cliente per codice fallita: {"error":{"message":"No permission.","code":"NO_PERMISSION"}}
[2023/02/15 10:46:35] ERROR - Ricerca cliente fallita: {"error":{"message":"No permission.","code":"NO_PERMISSION"}}
[2023/02/15 10:46:35] ERROR - Cliente non creato: {"error":{"message":"No permission.","code":"NO_PERMISSION"}}
[2023/02/15 10:46:37] INFO - Fattura creata: #815/F/2023
[2023/02/15 10:48:00] INFO - Creazione Fattura: 61061
[2023/02/15 10:48:01] ERROR - Ricerca cliente per codice fallita: {"error":{"message":"No permission.","code":"NO_PERMISSION"}}
[2023/02/15 10:48:02] ERROR - Ricerca cliente fallita: {"error":{"message":"No permission.","code":"NO_PERMISSION"}}
[2023/02/15 10:48:02] ERROR - Cliente non creato: {"error":{"message":"No permission.","code":"NO_PERMISSION"}}
[2023/02/15 10:48:05] INFO - Fattura creata: #795/R/2023
[2023/02/15 10:48:05] ERROR - Verifica XML fallita: {"error":{"message":"Il documento non \u00e8 una fattura elettronica.","validation_result":null}}
[2023/02/15 10:49:49] INFO - Creazione Fattura: 61062
[2023/02/15 10:49:50] ERROR - Ricerca cliente per codice fallita: {"error":{"message":"No permission.","code":"NO_PERMISSION"}}
[2023/02/15 10:49:50] ERROR - Ricerca cliente fallita: {"error":{"message":"No permission.","code":"NO_PERMISSION"}}
[2023/02/15 10:49:51] ERROR - Cliente non creato: {"error":{"message":"No permission.","code":"NO_PERMISSION"}}
[2023/02/15 10:49:52] INFO - Fattura creata: #796/R/2023
[2023/02/15 10:49:53] ERROR - Verifica XML fallita: {"error":{"message":"Il documento non \u00e8 una fattura elettronica.","validation_result":null}}
