[2023/02/13 07:49:14] INFO - Creazione Fattura: 60926
[2023/02/13 07:49:15] ERROR - Ricerca cliente per codice fallita: {"error":{"message":"No permission.","code":"NO_PERMISSION"}}
[2023/02/13 07:49:16] ERROR - Ricerca cliente fallita: {"error":{"message":"No permission.","code":"NO_PERMISSION"}}
[2023/02/13 07:49:16] ERROR - Cliente non creato: {"error":{"message":"No permission.","code":"NO_PERMISSION"}}
[2023/02/13 07:49:19] INFO - Fattura creata: #736/F/2023
[2023/02/13 08:21:08] INFO - Creazione Fattura: 60927
[2023/02/13 08:21:10] ERROR - Ricerca cliente per codice fallita: {"error":{"message":"No permission.","code":"NO_PERMISSION"}}
[2023/02/13 08:21:10] ERROR - Ricerca cliente fallita: {"error":{"message":"No permission.","code":"NO_PERMISSION"}}
[2023/02/13 08:21:11] ERROR - Cliente non creato: {"error":{"message":"No permission.","code":"NO_PERMISSION"}}
[2023/02/13 08:21:14] INFO - Fattura creata: #732/R/2023
[2023/02/13 08:21:14] ERROR - Verifica XML fallita: {"error":{"message":"Il documento non \u00e8 una fattura elettronica.","validation_result":null}}
[2023/02/13 08:47:24] INFO - Creazione Fattura: 60928
[2023/02/13 08:47:25] ERROR - Ricerca cliente per codice fallita: {"error":{"message":"No permission.","code":"NO_PERMISSION"}}
[2023/02/13 08:47:25] ERROR - Ricerca cliente fallita: {"error":{"message":"No permission.","code":"NO_PERMISSION"}}
[2023/02/13 08:47:26] ERROR - Cliente non creato: {"error":{"message":"No permission.","code":"NO_PERMISSION"}}
[2023/02/13 08:47:28] INFO - Fattura creata: #737/F/2023
[2023/02/13 09:02:44] INFO - Creazione Fattura: 60929
[2023/02/13 09:02:45] ERROR - Ricerca cliente per codice fallita: {"error":{"message":"No permission.","code":"NO_PERMISSION"}}
[2023/02/13 09:02:46] ERROR - Ricerca cliente fallita: {"error":{"message":"No permission.","code":"NO_PERMISSION"}}
[2023/02/13 09:02:46] ERROR - Cliente non creato: {"error":{"message":"No permission.","code":"NO_PERMISSION"}}
[2023/02/13 09:02:49] INFO - Fattura creata: #738/F/2023
[2023/02/13 09:25:17] INFO - Creazione Fattura: 60930
[2023/02/13 09:25:18] ERROR - Ricerca cliente per codice fallita: {"error":{"message":"No permission.","code":"NO_PERMISSION"}}
[2023/02/13 09:25:18] ERROR - Ricerca cliente fallita: {"error":{"message":"No permission.","code":"NO_PERMISSION"}}
[2023/02/13 09:25:19] ERROR - Cliente non creato: {"error":{"message":"No permission.","code":"NO_PERMISSION"}}
[2023/02/13 09:25:22] INFO - Fattura creata: #733/R/2023
[2023/02/13 09:25:22] ERROR - Verifica XML fallita: {"error":{"message":"Il documento non \u00e8 una fattura elettronica.","validation_result":null}}
[2023/02/13 09:27:23] INFO - Creazione Fattura: 60931
[2023/02/13 09:27:24] ERROR - Ricerca cliente per codice fallita: {"error":{"message":"No permission.","code":"NO_PERMISSION"}}
[2023/02/13 09:27:24] ERROR - Ricerca cliente fallita: {"error":{"message":"No permission.","code":"NO_PERMISSION"}}
[2023/02/13 09:27:25] ERROR - Cliente non creato: {"error":{"message":"No permission.","code":"NO_PERMISSION"}}
[2023/02/13 09:27:27] INFO - Fattura creata: #734/R/2023
[2023/02/13 09:27:28] ERROR - Verifica XML fallita: {"error":{"message":"Il documento non \u00e8 una fattura elettronica.","validation_result":null}}
[2023/02/13 09:34:03] INFO - Creazione Fattura: 60932
[2023/02/13 09:34:04] ERROR - Ricerca cliente per codice fallita: {"error":{"message":"No permission.","code":"NO_PERMISSION"}}
[2023/02/13 09:34:04] ERROR - Ricerca cliente fallita: {"error":{"message":"No permission.","code":"NO_PERMISSION"}}
[2023/02/13 09:34:04] ERROR - Cliente non creato: {"error":{"message":"No permission.","code":"NO_PERMISSION"}}
[2023/02/13 09:34:07] INFO - Fattura creata: #735/R/2023
[2023/02/13 09:34:07] ERROR - Verifica XML fallita: {"error":{"message":"Il documento non \u00e8 una fattura elettronica.","validation_result":null}}
[2023/02/13 09:41:22] INFO - Creazione Fattura: 60933
[2023/02/13 09:41:24] ERROR - Ricerca cliente per codice fallita: {"error":{"message":"No permission.","code":"NO_PERMISSION"}}
[2023/02/13 09:41:24] ERROR - Ricerca cliente fallita: {"error":{"message":"No permission.","code":"NO_PERMISSION"}}
[2023/02/13 09:41:24] ERROR - Cliente non creato: {"error":{"message":"No permission.","code":"NO_PERMISSION"}}
[2023/02/13 09:41:27] INFO - Fattura creata: #736/R/2023
[2023/02/13 09:41:27] ERROR - Verifica XML fallita: {"error":{"message":"Il documento non \u00e8 una fattura elettronica.","validation_result":null}}
[2023/02/13 09:56:10] INFO - Creazione Fattura: 60934
[2023/02/13 09:56:12] ERROR - Ricerca cliente per codice fallita: {"error":{"message":"No permission.","code":"NO_PERMISSION"}}
[2023/02/13 09:56:12] ERROR - Ricerca cliente fallita: {"error":{"message":"No permission.","code":"NO_PERMISSION"}}
[2023/02/13 09:56:13] ERROR - Cliente non creato: {"error":{"message":"No permission.","code":"NO_PERMISSION"}}
[2023/02/13 09:56:15] INFO - Fattura creata: #739/F/2023
[2023/02/13 10:12:10] INFO - Creazione Fattura: 60935
[2023/02/13 10:12:11] ERROR - Ricerca cliente per codice fallita: {"error":{"message":"No permission.","code":"NO_PERMISSION"}}
[2023/02/13 10:12:11] ERROR - Ricerca cliente fallita: {"error":{"message":"No permission.","code":"NO_PERMISSION"}}
[2023/02/13 10:12:12] ERROR - Cliente non creato: {"error":{"message":"No permission.","code":"NO_PERMISSION"}}
[2023/02/13 10:12:14] INFO - Fattura creata: #737/R/2023
[2023/02/13 10:12:15] ERROR - Verifica XML fallita: {"error":{"message":"Il documento non \u00e8 una fattura elettronica.","validation_result":null}}
[2023/02/13 11:08:24] INFO - Creazione Fattura: 60936
[2023/02/13 11:08:26] ERROR - Ricerca cliente per codice fallita: {"error":{"message":"No permission.","code":"NO_PERMISSION"}}
[2023/02/13 11:08:26] ERROR - Ricerca cliente fallita: {"error":{"message":"No permission.","code":"NO_PERMISSION"}}
[2023/02/13 11:08:26] ERROR - Cliente non creato: {"error":{"message":"No permission.","code":"NO_PERMISSION"}}
[2023/02/13 11:08:28] INFO - Fattura creata: #740/F/2023
[2023/02/13 11:08:29] ERROR - Verifica XML fallita: {"error":{"message":"Validation step 1","validation_result":{"xml_errors":["La Partita IVA del cliente non \u00e8 valida."]}}}
[2023/02/13 11:10:39] INFO - Creazione Fattura: 60937
[2023/02/13 11:10:40] ERROR - Ricerca cliente per codice fallita: {"error":{"message":"No permission.","code":"NO_PERMISSION"}}
[2023/02/13 11:10:40] ERROR - Ricerca cliente fallita: {"error":{"message":"No permission.","code":"NO_PERMISSION"}}
[2023/02/13 11:10:41] ERROR - Cliente non creato: {"error":{"message":"No permission.","code":"NO_PERMISSION"}}
[2023/02/13 11:10:43] INFO - Fattura creata: #738/R/2023
[2023/02/13 11:10:44] ERROR - Verifica XML fallita: {"error":{"message":"Il documento non \u00e8 una fattura elettronica.","validation_result":null}}
[2023/02/13 11:31:59] INFO - Creazione Fattura: 60938
[2023/02/13 11:32:00] ERROR - Ricerca cliente per codice fallita: {"error":{"message":"No permission.","code":"NO_PERMISSION"}}
[2023/02/13 11:32:00] ERROR - Ricerca cliente fallita: {"error":{"message":"No permission.","code":"NO_PERMISSION"}}
[2023/02/13 11:32:01] ERROR - Cliente non creato: {"error":{"message":"No permission.","code":"NO_PERMISSION"}}
[2023/02/13 11:32:04] INFO - Fattura creata: #739/R/2023
[2023/02/13 11:32:04] ERROR - Verifica XML fallita: {"error":{"message":"Il documento non \u00e8 una fattura elettronica.","validation_result":null}}
[2023/02/13 11:34:50] INFO - Creazione Fattura: 60939
[2023/02/13 11:34:51] ERROR - Ricerca cliente per codice fallita: {"error":{"message":"No permission.","code":"NO_PERMISSION"}}
[2023/02/13 11:34:51] ERROR - Ricerca cliente fallita: {"error":{"message":"No permission.","code":"NO_PERMISSION"}}
[2023/02/13 11:34:52] ERROR - Cliente non creato: {"error":{"message":"No permission.","code":"NO_PERMISSION"}}
[2023/02/13 11:34:54] INFO - Fattura creata: #740/R/2023
[2023/02/13 11:34:55] ERROR - Verifica XML fallita: {"error":{"message":"Il documento non \u00e8 una fattura elettronica.","validation_result":null}}
[2023/02/13 11:44:11] INFO - Creazione Fattura: 60940
[2023/02/13 11:44:12] ERROR - Ricerca cliente per codice fallita: {"error":{"message":"No permission.","code":"NO_PERMISSION"}}
[2023/02/13 11:44:13] ERROR - Ricerca cliente fallita: {"error":{"message":"No permission.","code":"NO_PERMISSION"}}
[2023/02/13 11:44:13] ERROR - Cliente non creato: {"error":{"message":"No permission.","code":"NO_PERMISSION"}}
[2023/02/13 11:44:15] INFO - Fattura creata: #741/R/2023
[2023/02/13 11:44:16] ERROR - Verifica XML fallita: {"error":{"message":"Il documento non \u00e8 una fattura elettronica.","validation_result":null}}
[2023/02/13 11:47:45] INFO - Creazione Fattura: 60941
[2023/02/13 11:47:46] ERROR - Ricerca cliente per codice fallita: {"error":{"message":"No permission.","code":"NO_PERMISSION"}}
[2023/02/13 11:47:47] ERROR - Ricerca cliente fallita: {"error":{"message":"No permission.","code":"NO_PERMISSION"}}
[2023/02/13 11:47:47] ERROR - Cliente non creato: {"error":{"message":"No permission.","code":"NO_PERMISSION"}}
[2023/02/13 11:47:49] INFO - Fattura creata: #742/R/2023
[2023/02/13 11:47:50] ERROR - Verifica XML fallita: {"error":{"message":"Il documento non \u00e8 una fattura elettronica.","validation_result":null}}
[2023/02/13 11:51:10] INFO - Creazione Fattura: 60942
[2023/02/13 11:51:11] ERROR - Ricerca cliente per codice fallita: {"error":{"message":"No permission.","code":"NO_PERMISSION"}}
[2023/02/13 11:51:11] ERROR - Ricerca cliente fallita: {"error":{"message":"No permission.","code":"NO_PERMISSION"}}
[2023/02/13 11:51:12] ERROR - Cliente non creato: {"error":{"message":"No permission.","code":"NO_PERMISSION"}}
[2023/02/13 11:51:14] INFO - Fattura creata: #743/R/2023
[2023/02/13 11:51:15] ERROR - Verifica XML fallita: {"error":{"message":"Il documento non \u00e8 una fattura elettronica.","validation_result":null}}
[2023/02/13 11:52:09] INFO - Creazione Fattura: 60943
[2023/02/13 11:52:09] ERROR - Ricerca cliente per codice fallita: {"error":{"message":"No permission.","code":"NO_PERMISSION"}}
[2023/02/13 11:52:10] ERROR - Ricerca cliente fallita: {"error":{"message":"No permission.","code":"NO_PERMISSION"}}
[2023/02/13 11:52:10] ERROR - Cliente non creato: {"error":{"message":"No permission.","code":"NO_PERMISSION"}}
[2023/02/13 11:52:12] INFO - Fattura creata: #744/R/2023
[2023/02/13 11:52:13] ERROR - Verifica XML fallita: {"error":{"message":"Il documento non \u00e8 una fattura elettronica.","validation_result":null}}
[2023/02/13 11:59:19] INFO - Creazione Fattura: 60944
[2023/02/13 11:59:20] ERROR - Ricerca cliente per codice fallita: {"error":{"message":"No permission.","code":"NO_PERMISSION"}}
[2023/02/13 11:59:21] ERROR - Ricerca cliente fallita: {"error":{"message":"No permission.","code":"NO_PERMISSION"}}
[2023/02/13 11:59:21] ERROR - Cliente non creato: {"error":{"message":"No permission.","code":"NO_PERMISSION"}}
[2023/02/13 11:59:23] INFO - Fattura creata: #741/F/2023
[2023/02/13 11:59:34] INFO - Creazione Fattura: 60945
[2023/02/13 11:59:35] ERROR - Ricerca cliente per codice fallita: {"error":{"message":"No permission.","code":"NO_PERMISSION"}}
[2023/02/13 11:59:35] ERROR - Ricerca cliente fallita: {"error":{"message":"No permission.","code":"NO_PERMISSION"}}
[2023/02/13 11:59:36] ERROR - Cliente non creato: {"error":{"message":"No permission.","code":"NO_PERMISSION"}}
[2023/02/13 11:59:37] INFO - Fattura creata: #742/F/2023
[2023/02/13 12:03:03] INFO - Creazione Fattura: 60845
[2023/02/13 12:03:04] ERROR - Ricerca cliente per codice fallita: {"error":{"message":"No permission.","code":"NO_PERMISSION"}}
[2023/02/13 12:03:04] ERROR - Ricerca cliente fallita: {"error":{"message":"No permission.","code":"NO_PERMISSION"}}
[2023/02/13 12:03:05] ERROR - Cliente non creato: {"error":{"message":"No permission.","code":"NO_PERMISSION"}}
[2023/02/13 12:03:07] INFO - Fattura creata: #743/F/2023
[2023/02/13 12:03:24] INFO - Creazione Fattura: 60822
[2023/02/13 12:03:25] ERROR - Ricerca cliente per codice fallita: {"error":{"message":"No permission.","code":"NO_PERMISSION"}}
[2023/02/13 12:03:25] ERROR - Ricerca cliente fallita: {"error":{"message":"No permission.","code":"NO_PERMISSION"}}
[2023/02/13 12:03:26] ERROR - Cliente non creato: {"error":{"message":"No permission.","code":"NO_PERMISSION"}}
[2023/02/13 12:03:28] INFO - Fattura creata: #744/F/2023
[2023/02/13 12:03:28] ERROR - Verifica XML fallita: {"error":{"message":"Validation step 1","validation_result":{"xml_errors":["L'indirizzo PEC deve avere un formato valido."]}}}
[2023/02/13 12:19:30] INFO - Creazione Fattura: 60946
[2023/02/13 12:19:32] ERROR - Ricerca cliente per codice fallita: {"error":{"message":"No permission.","code":"NO_PERMISSION"}}
[2023/02/13 12:19:32] ERROR - Ricerca cliente fallita: {"error":{"message":"No permission.","code":"NO_PERMISSION"}}
[2023/02/13 12:19:33] ERROR - Cliente non creato: {"error":{"message":"No permission.","code":"NO_PERMISSION"}}
[2023/02/13 12:19:34] INFO - Fattura creata: #745/F/2023
[2023/02/13 12:22:04] INFO - Creazione Fattura: 60947
[2023/02/13 12:22:15] ERROR - Ricerca cliente per codice fallita: {"error":{"message":"No permission.","code":"NO_PERMISSION"}}
[2023/02/13 12:22:26] ERROR - Ricerca cliente fallita: {"error":{"message":"No permission.","code":"NO_PERMISSION"}}
[2023/02/13 12:22:26] ERROR - Cliente non creato: {"error":{"message":"No permission.","code":"NO_PERMISSION"}}
[2023/02/13 12:22:49] INFO - Fattura creata: #746/F/2023
[2023/02/13 12:22:53] INFO - Creazione Fattura: 60948
[2023/02/13 12:22:55] ERROR - Ricerca cliente per codice fallita: {"error":{"message":"No permission.","code":"NO_PERMISSION"}}
[2023/02/13 12:22:56] ERROR - Ricerca cliente fallita: {"error":{"message":"No permission.","code":"NO_PERMISSION"}}
[2023/02/13 12:22:56] ERROR - Cliente non creato: {"error":{"message":"No permission.","code":"NO_PERMISSION"}}
[2023/02/13 12:22:58] INFO - Fattura creata: #747/F/2023
[2023/02/13 12:22:58] ERROR - Verifica XML fallita: {"error":{"message":"Validation step 1","validation_result":{"xml_errors":["Il Codice Fiscale del cliente non \u00e8 valido.","La Partita IVA del cliente non \u00e8 valida."]}}}
[2023/02/13 12:25:10] INFO - Creazione Fattura: 60949
[2023/02/13 12:25:11] ERROR - Ricerca cliente per codice fallita: {"error":{"message":"No permission.","code":"NO_PERMISSION"}}
[2023/02/13 12:25:11] ERROR - Ricerca cliente fallita: {"error":{"message":"No permission.","code":"NO_PERMISSION"}}
[2023/02/13 12:25:12] ERROR - Cliente non creato: {"error":{"message":"No permission.","code":"NO_PERMISSION"}}
[2023/02/13 12:25:14] INFO - Fattura creata: #745/R/2023
[2023/02/13 12:25:15] ERROR - Verifica XML fallita: {"error":{"message":"Il documento non \u00e8 una fattura elettronica.","validation_result":null}}
[2023/02/13 12:28:00] INFO - Creazione Fattura: 60950
[2023/02/13 12:28:02] ERROR - Ricerca cliente per codice fallita: {"error":{"message":"No permission.","code":"NO_PERMISSION"}}
[2023/02/13 12:28:02] ERROR - Ricerca cliente fallita: {"error":{"message":"No permission.","code":"NO_PERMISSION"}}
[2023/02/13 12:28:03] ERROR - Cliente non creato: {"error":{"message":"No permission.","code":"NO_PERMISSION"}}
[2023/02/13 12:28:04] INFO - Fattura creata: #746/R/2023
[2023/02/13 12:28:05] ERROR - Verifica XML fallita: {"error":{"message":"Il documento non \u00e8 una fattura elettronica.","validation_result":null}}
[2023/02/13 12:28:58] INFO - Creazione Fattura: 60951
[2023/02/13 12:29:00] ERROR - Ricerca cliente per codice fallita: {"error":{"message":"No permission.","code":"NO_PERMISSION"}}
[2023/02/13 12:29:00] ERROR - Ricerca cliente fallita: {"error":{"message":"No permission.","code":"NO_PERMISSION"}}
[2023/02/13 12:29:01] ERROR - Cliente non creato: {"error":{"message":"No permission.","code":"NO_PERMISSION"}}
[2023/02/13 12:29:03] INFO - Fattura creata: #747/R/2023
[2023/02/13 12:29:04] ERROR - Verifica XML fallita: {"error":{"message":"Il documento non \u00e8 una fattura elettronica.","validation_result":null}}
[2023/02/13 12:36:20] INFO - Creazione Fattura: 60952
[2023/02/13 12:36:21] ERROR - Ricerca cliente per codice fallita: {"error":{"message":"No permission.","code":"NO_PERMISSION"}}
[2023/02/13 12:36:22] ERROR - Ricerca cliente fallita: {"error":{"message":"No permission.","code":"NO_PERMISSION"}}
[2023/02/13 12:36:22] ERROR - Cliente non creato: {"error":{"message":"No permission.","code":"NO_PERMISSION"}}
[2023/02/13 12:36:24] INFO - Fattura creata: #748/F/2023
[2023/02/13 12:38:16] INFO - Creazione Fattura: 60953
[2023/02/13 12:38:17] ERROR - Ricerca cliente per codice fallita: {"error":{"message":"No permission.","code":"NO_PERMISSION"}}
[2023/02/13 12:38:17] ERROR - Ricerca cliente fallita: {"error":{"message":"No permission.","code":"NO_PERMISSION"}}
[2023/02/13 12:38:18] ERROR - Cliente non creato: {"error":{"message":"No permission.","code":"NO_PERMISSION"}}
[2023/02/13 12:38:20] INFO - Fattura creata: #748/R/2023
[2023/02/13 12:38:20] ERROR - Verifica XML fallita: {"error":{"message":"Il documento non \u00e8 una fattura elettronica.","validation_result":null}}
[2023/02/13 01:31:00] INFO - Creazione Fattura: 60954
[2023/02/13 01:31:01] ERROR - Ricerca cliente per codice fallita: {"error":{"message":"No permission.","code":"NO_PERMISSION"}}
[2023/02/13 01:31:02] ERROR - Ricerca cliente fallita: {"error":{"message":"No permission.","code":"NO_PERMISSION"}}
[2023/02/13 01:31:03] ERROR - Cliente non creato: {"error":{"message":"No permission.","code":"NO_PERMISSION"}}
[2023/02/13 01:31:04] INFO - Fattura creata: #749/F/2023
[2023/02/13 01:44:22] INFO - Creazione Fattura: 60955
[2023/02/13 01:44:23] ERROR - Ricerca cliente per codice fallita: {"error":{"message":"No permission.","code":"NO_PERMISSION"}}
[2023/02/13 01:44:23] ERROR - Ricerca cliente fallita: {"error":{"message":"No permission.","code":"NO_PERMISSION"}}
[2023/02/13 01:44:24] ERROR - Cliente non creato: {"error":{"message":"No permission.","code":"NO_PERMISSION"}}
[2023/02/13 01:44:25] INFO - Fattura creata: #749/R/2023
[2023/02/13 01:44:26] ERROR - Verifica XML fallita: {"error":{"message":"Il documento non \u00e8 una fattura elettronica.","validation_result":null}}
[2023/02/13 01:59:16] INFO - Creazione Fattura: 60956
[2023/02/13 01:59:17] ERROR - Ricerca cliente per codice fallita: {"error":{"message":"No permission.","code":"NO_PERMISSION"}}
[2023/02/13 01:59:17] ERROR - Ricerca cliente fallita: {"error":{"message":"No permission.","code":"NO_PERMISSION"}}
[2023/02/13 01:59:18] ERROR - Cliente non creato: {"error":{"message":"No permission.","code":"NO_PERMISSION"}}
[2023/02/13 01:59:19] INFO - Fattura creata: #750/R/2023
[2023/02/13 01:59:20] ERROR - Verifica XML fallita: {"error":{"message":"Il documento non \u00e8 una fattura elettronica.","validation_result":null}}
[2023/02/13 03:19:33] INFO - Creazione Fattura: 60957
[2023/02/13 03:19:35] ERROR - Ricerca cliente per codice fallita: {"error":{"message":"No permission.","code":"NO_PERMISSION"}}
[2023/02/13 03:19:35] ERROR - Ricerca cliente fallita: {"error":{"message":"No permission.","code":"NO_PERMISSION"}}
[2023/02/13 03:19:36] ERROR - Cliente non creato: {"error":{"message":"No permission.","code":"NO_PERMISSION"}}
[2023/02/13 03:19:38] INFO - Fattura creata: #750/F/2023
[2023/02/13 04:10:42] INFO - Creazione Fattura: 60958
[2023/02/13 04:10:44] ERROR - Ricerca cliente per codice fallita: {"error":{"message":"No permission.","code":"NO_PERMISSION"}}
[2023/02/13 04:10:44] ERROR - Ricerca cliente fallita: {"error":{"message":"No permission.","code":"NO_PERMISSION"}}
[2023/02/13 04:10:44] ERROR - Cliente non creato: {"error":{"message":"No permission.","code":"NO_PERMISSION"}}
[2023/02/13 04:10:47] INFO - Fattura creata: #751/F/2023
[2023/02/13 04:16:38] INFO - Creazione Fattura: 60959
[2023/02/13 04:16:39] ERROR - Ricerca cliente per codice fallita: {"error":{"message":"No permission.","code":"NO_PERMISSION"}}
[2023/02/13 04:16:39] ERROR - Ricerca cliente fallita: {"error":{"message":"No permission.","code":"NO_PERMISSION"}}
[2023/02/13 04:16:40] ERROR - Cliente non creato: {"error":{"message":"No permission.","code":"NO_PERMISSION"}}
[2023/02/13 04:16:41] INFO - Fattura creata: #752/F/2023
[2023/02/13 04:25:24] INFO - Creazione Fattura: 60961
[2023/02/13 04:25:25] ERROR - Ricerca cliente per codice fallita: {"error":{"message":"No permission.","code":"NO_PERMISSION"}}
[2023/02/13 04:25:26] ERROR - Ricerca cliente fallita: {"error":{"message":"No permission.","code":"NO_PERMISSION"}}
[2023/02/13 04:25:26] ERROR - Cliente non creato: {"error":{"message":"No permission.","code":"NO_PERMISSION"}}
[2023/02/13 04:25:28] INFO - Fattura creata: #751/R/2023
[2023/02/13 04:25:29] ERROR - Verifica XML fallita: {"error":{"message":"Il documento non \u00e8 una fattura elettronica.","validation_result":null}}
[2023/02/13 04:32:47] INFO - Creazione Fattura: 60962
[2023/02/13 04:32:48] ERROR - Ricerca cliente per codice fallita: {"error":{"message":"No permission.","code":"NO_PERMISSION"}}
[2023/02/13 04:32:48] ERROR - Ricerca cliente fallita: {"error":{"message":"No permission.","code":"NO_PERMISSION"}}
[2023/02/13 04:32:48] ERROR - Cliente non creato: {"error":{"message":"No permission.","code":"NO_PERMISSION"}}
[2023/02/13 04:32:51] INFO - Fattura creata: #752/R/2023
[2023/02/13 04:32:51] ERROR - Verifica XML fallita: {"error":{"message":"Il documento non \u00e8 una fattura elettronica.","validation_result":null}}
[2023/02/13 04:40:20] INFO - Creazione Fattura: 60963
[2023/02/13 04:40:21] ERROR - Ricerca cliente per codice fallita: {"error":{"message":"No permission.","code":"NO_PERMISSION"}}
[2023/02/13 04:40:22] ERROR - Ricerca cliente fallita: {"error":{"message":"No permission.","code":"NO_PERMISSION"}}
[2023/02/13 04:40:22] ERROR - Cliente non creato: {"error":{"message":"No permission.","code":"NO_PERMISSION"}}
[2023/02/13 04:40:24] INFO - Fattura creata: #753/F/2023
[2023/02/13 04:41:48] INFO - Creazione Fattura: 60964
[2023/02/13 04:41:49] ERROR - Ricerca cliente per codice fallita: {"error":{"message":"No permission.","code":"NO_PERMISSION"}}
[2023/02/13 04:41:50] ERROR - Ricerca cliente fallita: {"error":{"message":"No permission.","code":"NO_PERMISSION"}}
[2023/02/13 04:41:50] ERROR - Cliente non creato: {"error":{"message":"No permission.","code":"NO_PERMISSION"}}
[2023/02/13 04:41:52] INFO - Fattura creata: #753/R/2023
[2023/02/13 04:41:53] ERROR - Verifica XML fallita: {"error":{"message":"Il documento non \u00e8 una fattura elettronica.","validation_result":null}}
[2023/02/13 04:58:20] INFO - Creazione Fattura: 60365
[2023/02/13 04:58:21] ERROR - Ricerca cliente per codice fallita: {"error":{"message":"No permission.","code":"NO_PERMISSION"}}
[2023/02/13 04:58:22] ERROR - Ricerca cliente fallita: {"error":{"message":"No permission.","code":"NO_PERMISSION"}}
[2023/02/13 04:58:22] ERROR - Cliente non creato: {"error":{"message":"No permission.","code":"NO_PERMISSION"}}
[2023/02/13 04:58:24] INFO - Fattura creata: #754/F/2023
[2023/02/13 04:58:24] ERROR - Verifica XML fallita: {"error":{"message":"Validation step 1","validation_result":{"xml_errors":["L'indirizzo PEC deve avere un formato valido."]}}}
[2023/02/13 05:07:35] INFO - Creazione Fattura: 60966
[2023/02/13 05:07:36] ERROR - Ricerca cliente per codice fallita: {"error":{"message":"No permission.","code":"NO_PERMISSION"}}
[2023/02/13 05:07:36] ERROR - Ricerca cliente fallita: {"error":{"message":"No permission.","code":"NO_PERMISSION"}}
[2023/02/13 05:07:37] ERROR - Cliente non creato: {"error":{"message":"No permission.","code":"NO_PERMISSION"}}
[2023/02/13 05:07:38] INFO - Fattura creata: #755/F/2023
[2023/02/13 05:24:44] INFO - Creazione Fattura: 60967
[2023/02/13 05:24:46] ERROR - Ricerca cliente per codice fallita: {"error":{"message":"No permission.","code":"NO_PERMISSION"}}
[2023/02/13 05:24:46] ERROR - Ricerca cliente fallita: {"error":{"message":"No permission.","code":"NO_PERMISSION"}}
[2023/02/13 05:24:47] ERROR - Cliente non creato: {"error":{"message":"No permission.","code":"NO_PERMISSION"}}
[2023/02/13 05:24:48] INFO - Fattura creata: #756/F/2023
[2023/02/13 05:56:02] INFO - Creazione Fattura: 60968
[2023/02/13 05:56:04] ERROR - Ricerca cliente per codice fallita: {"error":{"message":"No permission.","code":"NO_PERMISSION"}}
[2023/02/13 05:56:04] ERROR - Ricerca cliente fallita: {"error":{"message":"No permission.","code":"NO_PERMISSION"}}
[2023/02/13 05:56:05] ERROR - Cliente non creato: {"error":{"message":"No permission.","code":"NO_PERMISSION"}}
[2023/02/13 05:56:07] INFO - Fattura creata: #754/R/2023
[2023/02/13 05:56:07] ERROR - Verifica XML fallita: {"error":{"message":"Il documento non \u00e8 una fattura elettronica.","validation_result":null}}
[2023/02/13 06:03:46] INFO - Creazione Fattura: 60969
[2023/02/13 06:03:48] ERROR - Ricerca cliente per codice fallita: {"error":{"message":"No permission.","code":"NO_PERMISSION"}}
[2023/02/13 06:03:48] ERROR - Ricerca cliente fallita: {"error":{"message":"No permission.","code":"NO_PERMISSION"}}
[2023/02/13 06:03:48] ERROR - Cliente non creato: {"error":{"message":"No permission.","code":"NO_PERMISSION"}}
[2023/02/13 06:03:50] INFO - Fattura creata: #757/F/2023
[2023/02/13 06:03:50] ERROR - Verifica XML fallita: {"error":{"message":"Validation step 1","validation_result":{"xml_errors":["L'indirizzo PEC deve avere un formato valido."]}}}
[2023/02/13 07:19:00] INFO - Creazione Fattura: 60970
[2023/02/13 07:19:01] ERROR - Ricerca cliente per codice fallita: {"error":{"message":"No permission.","code":"NO_PERMISSION"}}
[2023/02/13 07:19:02] ERROR - Ricerca cliente fallita: {"error":{"message":"No permission.","code":"NO_PERMISSION"}}
[2023/02/13 07:19:02] ERROR - Cliente non creato: {"error":{"message":"No permission.","code":"NO_PERMISSION"}}
[2023/02/13 07:19:04] INFO - Fattura creata: #758/F/2023
[2023/02/13 07:19:04] ERROR - Verifica XML fallita: {"error":{"message":"Validation step 1","validation_result":{"xml_errors":["Il Codice Fiscale del cliente non \u00e8 valido."]}}}
[2023/02/13 08:20:48] INFO - Creazione Fattura: 60971
[2023/02/13 08:20:49] ERROR - Ricerca cliente per codice fallita: {"error":{"message":"No permission.","code":"NO_PERMISSION"}}
[2023/02/13 08:20:50] ERROR - Ricerca cliente fallita: {"error":{"message":"No permission.","code":"NO_PERMISSION"}}
[2023/02/13 08:20:50] ERROR - Cliente non creato: {"error":{"message":"No permission.","code":"NO_PERMISSION"}}
[2023/02/13 08:20:53] INFO - Fattura creata: #755/R/2023
[2023/02/13 08:20:53] ERROR - Verifica XML fallita: {"error":{"message":"Il documento non \u00e8 una fattura elettronica.","validation_result":null}}
[2023/02/13 08:24:29] INFO - Creazione Fattura: 60972
[2023/02/13 08:24:30] ERROR - Ricerca cliente per codice fallita: {"error":{"message":"No permission.","code":"NO_PERMISSION"}}
[2023/02/13 08:24:31] ERROR - Ricerca cliente fallita: {"error":{"message":"No permission.","code":"NO_PERMISSION"}}
[2023/02/13 08:24:31] ERROR - Cliente non creato: {"error":{"message":"No permission.","code":"NO_PERMISSION"}}
[2023/02/13 08:24:33] INFO - Fattura creata: #756/R/2023
[2023/02/13 08:24:33] ERROR - Verifica XML fallita: {"error":{"message":"Il documento non \u00e8 una fattura elettronica.","validation_result":null}}
[2023/02/13 08:45:58] INFO - Creazione Fattura: 60973
[2023/02/13 08:45:59] ERROR - Ricerca cliente per codice fallita: {"error":{"message":"No permission.","code":"NO_PERMISSION"}}
[2023/02/13 08:46:00] ERROR - Ricerca cliente fallita: {"error":{"message":"No permission.","code":"NO_PERMISSION"}}
[2023/02/13 08:46:00] ERROR - Cliente non creato: {"error":{"message":"No permission.","code":"NO_PERMISSION"}}
[2023/02/13 08:46:03] INFO - Fattura creata: #757/R/2023
[2023/02/13 08:46:03] ERROR - Verifica XML fallita: {"error":{"message":"Il documento non \u00e8 una fattura elettronica.","validation_result":null}}
[2023/02/13 09:41:50] INFO - Creazione Fattura: 60974
[2023/02/13 09:41:51] ERROR - Ricerca cliente per codice fallita: {"error":{"message":"No permission.","code":"NO_PERMISSION"}}
[2023/02/13 09:41:52] ERROR - Ricerca cliente fallita: {"error":{"message":"No permission.","code":"NO_PERMISSION"}}
[2023/02/13 09:41:52] ERROR - Cliente non creato: {"error":{"message":"No permission.","code":"NO_PERMISSION"}}
[2023/02/13 09:41:55] INFO - Fattura creata: #759/F/2023
[2023/02/13 10:40:03] INFO - Creazione Fattura: 60975
[2023/02/13 10:40:04] ERROR - Ricerca cliente per codice fallita: {"error":{"message":"No permission.","code":"NO_PERMISSION"}}
[2023/02/13 10:40:05] ERROR - Ricerca cliente fallita: {"error":{"message":"No permission.","code":"NO_PERMISSION"}}
[2023/02/13 10:40:05] ERROR - Cliente non creato: {"error":{"message":"No permission.","code":"NO_PERMISSION"}}
[2023/02/13 10:40:07] INFO - Fattura creata: #758/R/2023
[2023/02/13 10:40:08] ERROR - Verifica XML fallita: {"error":{"message":"Il documento non \u00e8 una fattura elettronica.","validation_result":null}}
